{"C:\\Users\\mazzu\\Desktop\\Prog\\Personal\\blustech-ecommerce\\server\\src\\middleware\\checkAdmin.js": {"path":"C:\\Users\\mazzu\\Desktop\\Prog\\Personal\\blustech-ecommerce\\server\\src\\middleware\\checkAdmin.js","statementMap":{"0":{"start":{"line":2,"column":2},"end":{"line":6,"column":3}},"1":{"start":{"line":3,"column":4},"end":{"line":3,"column":24}},"2":{"start":{"line":5,"column":4},"end":{"line":5,"column":10}},"3":{"start":{"line":9,"column":0},"end":{"line":9,"column":28}}},"fnMap":{"0":{"name":"checkAdmin","decl":{"start":{"line":1,"column":9},"end":{"line":1,"column":19}},"loc":{"start":{"line":1,"column":36},"end":{"line":7,"column":1}},"line":1}},"branchMap":{"0":{"loc":{"start":{"line":2,"column":2},"end":{"line":6,"column":3}},"type":"if","locations":[{"start":{"line":2,"column":2},"end":{"line":6,"column":3}},{"start":{"line":2,"column":2},"end":{"line":6,"column":3}}],"line":2}},"s":{"0":0,"1":0,"2":0,"3":1},"f":{"0":0},"b":{"0":[0,0]},"_coverageSchema":"1a1c01bbd47fc00a2c39e90264f33305004495a9","hash":"0bfe0499d2b1d129bf16561a8c397032fc8b65bc"}
,"C:\\Users\\mazzu\\Desktop\\Prog\\Personal\\blustech-ecommerce\\server\\src\\module\\brand\\controller\\brandController.js": {"path":"C:\\Users\\mazzu\\Desktop\\Prog\\Personal\\blustech-ecommerce\\server\\src\\module\\brand\\controller\\brandController.js","statementMap":{"0":{"start":{"line":1,"column":29},"end":{"line":1,"column":61}},"1":{"start":{"line":5,"column":4},"end":{"line":5,"column":37}},"2":{"start":{"line":9,"column":4},"end":{"line":25,"column":5}},"3":{"start":{"line":10,"column":39},"end":{"line":10,"column":48}},"4":{"start":{"line":11,"column":6},"end":{"line":13,"column":7}},"5":{"start":{"line":12,"column":8},"end":{"line":12,"column":17}},"6":{"start":{"line":15,"column":6},"end":{"line":17,"column":7}},"7":{"start":{"line":16,"column":8},"end":{"line":16,"column":19}},"8":{"start":{"line":19,"column":21},"end":{"line":19,"column":39}},"9":{"start":{"line":21,"column":19},"end":{"line":21,"column":75}},"10":{"start":{"line":22,"column":6},"end":{"line":22,"column":40}},"11":{"start":{"line":24,"column":6},"end":{"line":24,"column":16}},"12":{"start":{"line":29,"column":4},"end":{"line":35,"column":5}},"13":{"start":{"line":30,"column":20},"end":{"line":30,"column":46}},"14":{"start":{"line":31,"column":6},"end":{"line":31,"column":42}},"15":{"start":{"line":32,"column":6},"end":{"line":32,"column":33}},"16":{"start":{"line":34,"column":6},"end":{"line":34,"column":16}},"17":{"start":{"line":39,"column":4},"end":{"line":46,"column":5}},"18":{"start":{"line":40,"column":20},"end":{"line":40,"column":46}},"19":{"start":{"line":41,"column":6},"end":{"line":41,"column":31}},"20":{"start":{"line":42,"column":6},"end":{"line":42,"column":42}},"21":{"start":{"line":43,"column":6},"end":{"line":43,"column":26}},"22":{"start":{"line":45,"column":6},"end":{"line":45,"column":16}},"23":{"start":{"line":50,"column":4},"end":{"line":55,"column":5}},"24":{"start":{"line":51,"column":20},"end":{"line":51,"column":66}},"25":{"start":{"line":52,"column":6},"end":{"line":52,"column":41}},"26":{"start":{"line":54,"column":6},"end":{"line":54,"column":23}},"27":{"start":{"line":59,"column":4},"end":{"line":65,"column":5}},"28":{"start":{"line":60,"column":20},"end":{"line":60,"column":66}},"29":{"start":{"line":61,"column":6},"end":{"line":61,"column":44}},"30":{"start":{"line":62,"column":6},"end":{"line":62,"column":33}},"31":{"start":{"line":64,"column":6},"end":{"line":64,"column":16}},"32":{"start":{"line":69,"column":0},"end":{"line":69,"column":33}}},"fnMap":{"0":{"name":"(anonymous_0)","decl":{"start":{"line":4,"column":2},"end":{"line":4,"column":3}},"loc":{"start":{"line":4,"column":32},"end":{"line":6,"column":3}},"line":4},"1":{"name":"(anonymous_1)","decl":{"start":{"line":8,"column":2},"end":{"line":8,"column":3}},"loc":{"start":{"line":8,"column":30},"end":{"line":26,"column":3}},"line":8},"2":{"name":"(anonymous_2)","decl":{"start":{"line":28,"column":2},"end":{"line":28,"column":3}},"loc":{"start":{"line":28,"column":29},"end":{"line":36,"column":3}},"line":28},"3":{"name":"(anonymous_3)","decl":{"start":{"line":38,"column":2},"end":{"line":38,"column":3}},"loc":{"start":{"line":38,"column":29},"end":{"line":47,"column":3}},"line":38},"4":{"name":"(anonymous_4)","decl":{"start":{"line":49,"column":2},"end":{"line":49,"column":3}},"loc":{"start":{"line":49,"column":26},"end":{"line":56,"column":3}},"line":49},"5":{"name":"(anonymous_5)","decl":{"start":{"line":58,"column":2},"end":{"line":58,"column":3}},"loc":{"start":{"line":58,"column":31},"end":{"line":66,"column":3}},"line":58}},"branchMap":{"0":{"loc":{"start":{"line":11,"column":6},"end":{"line":13,"column":7}},"type":"if","locations":[{"start":{"line":11,"column":6},"end":{"line":13,"column":7}},{"start":{"line":11,"column":6},"end":{"line":13,"column":7}}],"line":11},"1":{"loc":{"start":{"line":11,"column":10},"end":{"line":11,"column":33}},"type":"binary-expr","locations":[{"start":{"line":11,"column":10},"end":{"line":11,"column":21}},{"start":{"line":11,"column":25},"end":{"line":11,"column":33}}],"line":11},"2":{"loc":{"start":{"line":15,"column":6},"end":{"line":17,"column":7}},"type":"if","locations":[{"start":{"line":15,"column":6},"end":{"line":17,"column":7}},{"start":{"line":15,"column":6},"end":{"line":17,"column":7}}],"line":15},"3":{"loc":{"start":{"line":15,"column":10},"end":{"line":15,"column":34}},"type":"binary-expr","locations":[{"start":{"line":15,"column":10},"end":{"line":15,"column":22}},{"start":{"line":15,"column":26},"end":{"line":15,"column":34}}],"line":15}},"s":{"0":1,"1":1,"2":1,"3":1,"4":1,"5":1,"6":1,"7":1,"8":1,"9":1,"10":1,"11":0,"12":1,"13":1,"14":1,"15":1,"16":0,"17":1,"18":1,"19":1,"20":1,"21":1,"22":0,"23":1,"24":1,"25":1,"26":0,"27":1,"28":1,"29":1,"30":1,"31":0,"32":1},"f":{"0":1,"1":1,"2":1,"3":1,"4":1,"5":1},"b":{"0":[1,0],"1":[1,0],"2":[1,0],"3":[1,0]},"_coverageSchema":"1a1c01bbd47fc00a2c39e90264f33305004495a9","hash":"745fc6500d8a8baf842cd0cded8a73a7b116ee33"}
,"C:\\Users\\mazzu\\Desktop\\Prog\\Personal\\blustech-ecommerce\\server\\src\\module\\brand\\controller\\__test__\\brandFixture.js": {"path":"C:\\Users\\mazzu\\Desktop\\Prog\\Personal\\blustech-ecommerce\\server\\src\\module\\brand\\controller\\__test__\\brandFixture.js","statementMap":{"0":{"start":{"line":1,"column":14},"end":{"line":1,"column":43}},"1":{"start":{"line":3,"column":0},"end":{"line":8,"column":1}},"2":{"start":{"line":4,"column":2},"end":{"line":7,"column":4}}},"fnMap":{"0":{"name":"createBrandTest","decl":{"start":{"line":3,"column":26},"end":{"line":3,"column":41}},"loc":{"start":{"line":3,"column":46},"end":{"line":8,"column":1}},"line":3}},"branchMap":{},"s":{"0":4,"1":4,"2":25},"f":{"0":25},"b":{},"_coverageSchema":"1a1c01bbd47fc00a2c39e90264f33305004495a9","hash":"4ca37010fbdf6566ce96d03ecd6400bc4b23c2e2"}
,"C:\\Users\\mazzu\\Desktop\\Prog\\Personal\\blustech-ecommerce\\server\\src\\module\\brand\\entity\\Brand.js": {"path":"C:\\Users\\mazzu\\Desktop\\Prog\\Personal\\blustech-ecommerce\\server\\src\\module\\brand\\entity\\Brand.js","statementMap":{"0":{"start":{"line":8,"column":4},"end":{"line":8,"column":17}},"1":{"start":{"line":9,"column":4},"end":{"line":9,"column":21}},"2":{"start":{"line":10,"column":4},"end":{"line":10,"column":31}},"3":{"start":{"line":11,"column":4},"end":{"line":11,"column":31}},"4":{"start":{"line":15,"column":0},"end":{"line":15,"column":23}}},"fnMap":{"0":{"name":"(anonymous_0)","decl":{"start":{"line":2,"column":2},"end":{"line":2,"column":3}},"loc":{"start":{"line":7,"column":5},"end":{"line":12,"column":3}},"line":7}},"branchMap":{},"s":{"0":44,"1":44,"2":44,"3":44,"4":4},"f":{"0":44},"b":{},"_coverageSchema":"1a1c01bbd47fc00a2c39e90264f33305004495a9","hash":"1cb7b62c8f653f38e769831d6f62205d04c563f2"}
,"C:\\Users\\mazzu\\Desktop\\Prog\\Personal\\blustech-ecommerce\\server\\src\\module\\brand\\error\\BrandIdNotDefined.js": {"path":"C:\\Users\\mazzu\\Desktop\\Prog\\Personal\\blustech-ecommerce\\server\\src\\module\\brand\\error\\BrandIdNotDefined.js","statementMap":{"0":{"start":{"line":1,"column":0},"end":{"line":1,"column":63}}},"fnMap":{},"branchMap":{},"s":{"0":3},"f":{},"b":{},"_coverageSchema":"1a1c01bbd47fc00a2c39e90264f33305004495a9","hash":"8851ffa12cd91c62c88cd523e1762cd4748b9f79"}
,"C:\\Users\\mazzu\\Desktop\\Prog\\Personal\\blustech-ecommerce\\server\\src\\module\\brand\\error\\BrandNotDefinedError.js": {"path":"C:\\Users\\mazzu\\Desktop\\Prog\\Personal\\blustech-ecommerce\\server\\src\\module\\brand\\error\\BrandNotDefinedError.js","statementMap":{"0":{"start":{"line":1,"column":0},"end":{"line":1,"column":63}}},"fnMap":{},"branchMap":{},"s":{"0":2},"f":{},"b":{},"_coverageSchema":"1a1c01bbd47fc00a2c39e90264f33305004495a9","hash":"89ea617602148e7fbdf6d4f95d3037e317b579dc"}
,"C:\\Users\\mazzu\\Desktop\\Prog\\Personal\\blustech-ecommerce\\server\\src\\module\\brand\\error\\BrandNotFoundError.js": {"path":"C:\\Users\\mazzu\\Desktop\\Prog\\Personal\\blustech-ecommerce\\server\\src\\module\\brand\\error\\BrandNotFoundError.js","statementMap":{"0":{"start":{"line":1,"column":0},"end":{"line":1,"column":59}}},"fnMap":{},"branchMap":{},"s":{"0":1},"f":{},"b":{},"_coverageSchema":"1a1c01bbd47fc00a2c39e90264f33305004495a9","hash":"329e471dabbfb38b75be80aaafd575ea90706fe6"}
,"C:\\Users\\mazzu\\Desktop\\Prog\\Personal\\blustech-ecommerce\\server\\src\\module\\brand\\mapper\\brandMapper.js": {"path":"C:\\Users\\mazzu\\Desktop\\Prog\\Personal\\blustech-ecommerce\\server\\src\\module\\brand\\mapper\\brandMapper.js","statementMap":{"0":{"start":{"line":1,"column":14},"end":{"line":1,"column":40}},"1":{"start":{"line":9,"column":2},"end":{"line":14,"column":4}},"2":{"start":{"line":23,"column":2},"end":{"line":28,"column":4}},"3":{"start":{"line":31,"column":0},"end":{"line":31,"column":57}}},"fnMap":{"0":{"name":"fromModelToEntity","decl":{"start":{"line":3,"column":9},"end":{"line":3,"column":26}},"loc":{"start":{"line":8,"column":3},"end":{"line":15,"column":1}},"line":8},"1":{"name":"fromFormToEntity","decl":{"start":{"line":17,"column":9},"end":{"line":17,"column":25}},"loc":{"start":{"line":22,"column":3},"end":{"line":29,"column":1}},"line":22}},"branchMap":{},"s":{"0":2,"1":17,"2":2,"3":2},"f":{"0":17,"1":2},"b":{},"_coverageSchema":"1a1c01bbd47fc00a2c39e90264f33305004495a9","hash":"2f764dafa32680abf5d6cd6530c2ad3b97b552bd"}
,"C:\\Users\\mazzu\\Desktop\\Prog\\Personal\\blustech-ecommerce\\server\\src\\module\\brand\\model\\brandModel.js": {"path":"C:\\Users\\mazzu\\Desktop\\Prog\\Personal\\blustech-ecommerce\\server\\src\\module\\brand\\model\\brandModel.js","statementMap":{"0":{"start":{"line":1,"column":29},"end":{"line":1,"column":49}},"1":{"start":{"line":5,"column":4},"end":{"line":24,"column":6}},"2":{"start":{"line":26,"column":4},"end":{"line":26,"column":17}},"3":{"start":{"line":30,"column":0},"end":{"line":30,"column":23}}},"fnMap":{"0":{"name":"(anonymous_0)","decl":{"start":{"line":4,"column":2},"end":{"line":4,"column":3}},"loc":{"start":{"line":4,"column":34},"end":{"line":27,"column":3}},"line":4}},"branchMap":{},"s":{"0":2,"1":20,"2":20,"3":2},"f":{"0":20},"b":{},"_coverageSchema":"1a1c01bbd47fc00a2c39e90264f33305004495a9","hash":"b79cd11302c6f1d38b4fcab8a32df9359c6afed0"}
,"C:\\Users\\mazzu\\Desktop\\Prog\\Personal\\blustech-ecommerce\\server\\src\\module\\brand\\repository\\brandRepository.js": {"path":"C:\\Users\\mazzu\\Desktop\\Prog\\Personal\\blustech-ecommerce\\server\\src\\module\\brand\\repository\\brandRepository.js","statementMap":{"0":{"start":{"line":1,"column":14},"end":{"line":1,"column":40}},"1":{"start":{"line":2,"column":31},"end":{"line":2,"column":68}},"2":{"start":{"line":3,"column":27},"end":{"line":3,"column":65}},"3":{"start":{"line":4,"column":29},"end":{"line":4,"column":69}},"4":{"start":{"line":5,"column":30},"end":{"line":5,"column":62}},"5":{"start":{"line":6,"column":15},"end":{"line":6,"column":35}},"6":{"start":{"line":10,"column":4},"end":{"line":10,"column":33}},"7":{"start":{"line":14,"column":16},"end":{"line":14,"column":18}},"8":{"start":{"line":16,"column":4},"end":{"line":19,"column":5}},"9":{"start":{"line":18,"column":6},"end":{"line":18,"column":58}},"10":{"start":{"line":21,"column":19},"end":{"line":25,"column":6}},"11":{"start":{"line":27,"column":17},"end":{"line":30,"column":5}},"12":{"start":{"line":29,"column":41},"end":{"line":29,"column":65}},"13":{"start":{"line":32,"column":4},"end":{"line":32,"column":16}},"14":{"start":{"line":36,"column":4},"end":{"line":38,"column":5}},"15":{"start":{"line":37,"column":6},"end":{"line":37,"column":39}},"16":{"start":{"line":39,"column":21},"end":{"line":41,"column":6}},"17":{"start":{"line":42,"column":4},"end":{"line":42,"column":26}},"18":{"start":{"line":43,"column":4},"end":{"line":43,"column":39}},"19":{"start":{"line":47,"column":4},"end":{"line":49,"column":5}},"20":{"start":{"line":48,"column":6},"end":{"line":48,"column":41}},"21":{"start":{"line":51,"column":18},"end":{"line":51,"column":52}},"22":{"start":{"line":52,"column":4},"end":{"line":54,"column":5}},"23":{"start":{"line":53,"column":6},"end":{"line":53,"column":72}},"24":{"start":{"line":56,"column":4},"end":{"line":56,"column":36}},"25":{"start":{"line":60,"column":4},"end":{"line":62,"column":5}},"26":{"start":{"line":61,"column":6},"end":{"line":61,"column":39}},"27":{"start":{"line":64,"column":4},"end":{"line":64,"column":79}},"28":{"start":{"line":70,"column":0},"end":{"line":70,"column":32}}},"fnMap":{"0":{"name":"(anonymous_0)","decl":{"start":{"line":9,"column":2},"end":{"line":9,"column":3}},"loc":{"start":{"line":9,"column":30},"end":{"line":11,"column":3}},"line":9},"1":{"name":"(anonymous_1)","decl":{"start":{"line":13,"column":2},"end":{"line":13,"column":3}},"loc":{"start":{"line":13,"column":50},"end":{"line":33,"column":3}},"line":13},"2":{"name":"(anonymous_2)","decl":{"start":{"line":29,"column":30},"end":{"line":29,"column":31}},"loc":{"start":{"line":29,"column":41},"end":{"line":29,"column":65}},"line":29},"3":{"name":"(anonymous_3)","decl":{"start":{"line":35,"column":2},"end":{"line":35,"column":3}},"loc":{"start":{"line":35,"column":20},"end":{"line":44,"column":3}},"line":35},"4":{"name":"(anonymous_4)","decl":{"start":{"line":46,"column":2},"end":{"line":46,"column":3}},"loc":{"start":{"line":46,"column":20},"end":{"line":57,"column":3}},"line":46},"5":{"name":"(anonymous_5)","decl":{"start":{"line":59,"column":2},"end":{"line":59,"column":3}},"loc":{"start":{"line":59,"column":22},"end":{"line":65,"column":3}},"line":59}},"branchMap":{"0":{"loc":{"start":{"line":13,"column":15},"end":{"line":13,"column":25}},"type":"default-arg","locations":[{"start":{"line":13,"column":24},"end":{"line":13,"column":25}}],"line":13},"1":{"loc":{"start":{"line":13,"column":27},"end":{"line":13,"column":37}},"type":"default-arg","locations":[{"start":{"line":13,"column":35},"end":{"line":13,"column":37}}],"line":13},"2":{"loc":{"start":{"line":16,"column":4},"end":{"line":19,"column":5}},"type":"if","locations":[{"start":{"line":16,"column":4},"end":{"line":19,"column":5}},{"start":{"line":16,"column":4},"end":{"line":19,"column":5}}],"line":16},"3":{"loc":{"start":{"line":36,"column":4},"end":{"line":38,"column":5}},"type":"if","locations":[{"start":{"line":36,"column":4},"end":{"line":38,"column":5}},{"start":{"line":36,"column":4},"end":{"line":38,"column":5}}],"line":36},"4":{"loc":{"start":{"line":47,"column":4},"end":{"line":49,"column":5}},"type":"if","locations":[{"start":{"line":47,"column":4},"end":{"line":49,"column":5}},{"start":{"line":47,"column":4},"end":{"line":49,"column":5}}],"line":47},"5":{"loc":{"start":{"line":52,"column":4},"end":{"line":54,"column":5}},"type":"if","locations":[{"start":{"line":52,"column":4},"end":{"line":54,"column":5}},{"start":{"line":52,"column":4},"end":{"line":54,"column":5}}],"line":52},"6":{"loc":{"start":{"line":60,"column":4},"end":{"line":62,"column":5}},"type":"if","locations":[{"start":{"line":60,"column":4},"end":{"line":62,"column":5}},{"start":{"line":60,"column":4},"end":{"line":62,"column":5}}],"line":60}},"s":{"0":1,"1":1,"2":1,"3":1,"4":1,"5":1,"6":10,"7":2,"8":2,"9":0,"10":2,"11":2,"12":4,"13":2,"14":12,"15":1,"16":11,"17":11,"18":11,"19":4,"20":1,"21":3,"22":3,"23":1,"24":2,"25":3,"26":1,"27":2,"28":1},"f":{"0":10,"1":2,"2":4,"3":12,"4":4,"5":3},"b":{"0":[1],"1":[1],"2":[0,2],"3":[1,11],"4":[1,3],"5":[1,2],"6":[1,2]},"_coverageSchema":"1a1c01bbd47fc00a2c39e90264f33305004495a9","hash":"e8ff123e5a887e25c37ebc5c3e16028484c54903"}
,"C:\\Users\\mazzu\\Desktop\\Prog\\Personal\\blustech-ecommerce\\server\\src\\module\\brand\\service\\brandService.js": {"path":"C:\\Users\\mazzu\\Desktop\\Prog\\Personal\\blustech-ecommerce\\server\\src\\module\\brand\\service\\brandService.js","statementMap":{"0":{"start":{"line":1,"column":14},"end":{"line":1,"column":40}},"1":{"start":{"line":2,"column":31},"end":{"line":2,"column":68}},"2":{"start":{"line":3,"column":29},"end":{"line":3,"column":69}},"3":{"start":{"line":7,"column":4},"end":{"line":7,"column":43}},"4":{"start":{"line":11,"column":4},"end":{"line":11,"column":65}},"5":{"start":{"line":15,"column":4},"end":{"line":17,"column":5}},"6":{"start":{"line":16,"column":6},"end":{"line":16,"column":39}},"7":{"start":{"line":19,"column":4},"end":{"line":19,"column":44}},"8":{"start":{"line":23,"column":4},"end":{"line":25,"column":5}},"9":{"start":{"line":24,"column":6},"end":{"line":24,"column":41}},"10":{"start":{"line":27,"column":4},"end":{"line":27,"column":44}},"11":{"start":{"line":31,"column":4},"end":{"line":33,"column":5}},"12":{"start":{"line":32,"column":6},"end":{"line":32,"column":39}},"13":{"start":{"line":35,"column":4},"end":{"line":35,"column":46}},"14":{"start":{"line":39,"column":0},"end":{"line":39,"column":30}}},"fnMap":{"0":{"name":"(anonymous_0)","decl":{"start":{"line":6,"column":2},"end":{"line":6,"column":3}},"loc":{"start":{"line":6,"column":35},"end":{"line":8,"column":3}},"line":6},"1":{"name":"(anonymous_1)","decl":{"start":{"line":10,"column":2},"end":{"line":10,"column":3}},"loc":{"start":{"line":10,"column":41},"end":{"line":12,"column":3}},"line":10},"2":{"name":"(anonymous_2)","decl":{"start":{"line":14,"column":2},"end":{"line":14,"column":3}},"loc":{"start":{"line":14,"column":20},"end":{"line":20,"column":3}},"line":14},"3":{"name":"(anonymous_3)","decl":{"start":{"line":22,"column":2},"end":{"line":22,"column":3}},"loc":{"start":{"line":22,"column":20},"end":{"line":28,"column":3}},"line":22},"4":{"name":"(anonymous_4)","decl":{"start":{"line":30,"column":2},"end":{"line":30,"column":3}},"loc":{"start":{"line":30,"column":22},"end":{"line":36,"column":3}},"line":30}},"branchMap":{"0":{"loc":{"start":{"line":15,"column":4},"end":{"line":17,"column":5}},"type":"if","locations":[{"start":{"line":15,"column":4},"end":{"line":17,"column":5}},{"start":{"line":15,"column":4},"end":{"line":17,"column":5}}],"line":15},"1":{"loc":{"start":{"line":23,"column":4},"end":{"line":25,"column":5}},"type":"if","locations":[{"start":{"line":23,"column":4},"end":{"line":25,"column":5}},{"start":{"line":23,"column":4},"end":{"line":25,"column":5}}],"line":23},"2":{"loc":{"start":{"line":31,"column":4},"end":{"line":33,"column":5}},"type":"if","locations":[{"start":{"line":31,"column":4},"end":{"line":33,"column":5}},{"start":{"line":31,"column":4},"end":{"line":33,"column":5}}],"line":31}},"s":{"0":1,"1":1,"2":1,"3":1,"4":1,"5":2,"6":1,"7":1,"8":2,"9":1,"10":1,"11":2,"12":1,"13":1,"14":1},"f":{"0":1,"1":1,"2":2,"3":2,"4":2},"b":{"0":[1,1],"1":[1,1],"2":[1,1]},"_coverageSchema":"1a1c01bbd47fc00a2c39e90264f33305004495a9","hash":"88bdebd544795bcbde2c8a4f6bdcf749ef618045"}
,"C:\\Users\\mazzu\\Desktop\\Prog\\Personal\\blustech-ecommerce\\server\\src\\module\\category\\controller\\__test__\\categoryFixture.js": {"path":"C:\\Users\\mazzu\\Desktop\\Prog\\Personal\\blustech-ecommerce\\server\\src\\module\\category\\controller\\__test__\\categoryFixture.js","statementMap":{"0":{"start":{"line":1,"column":17},"end":{"line":1,"column":49}},"1":{"start":{"line":3,"column":0},"end":{"line":8,"column":1}},"2":{"start":{"line":4,"column":2},"end":{"line":7,"column":4}}},"fnMap":{"0":{"name":"createCategoryTest","decl":{"start":{"line":3,"column":26},"end":{"line":3,"column":44}},"loc":{"start":{"line":3,"column":49},"end":{"line":8,"column":1}},"line":3}},"branchMap":{},"s":{"0":3,"1":3,"2":18},"f":{"0":18},"b":{},"_coverageSchema":"1a1c01bbd47fc00a2c39e90264f33305004495a9","hash":"f1f055e7392713fee109a2202d2e76cb7e0b4c82"}
,"C:\\Users\\mazzu\\Desktop\\Prog\\Personal\\blustech-ecommerce\\server\\src\\module\\category\\entity\\Category.js": {"path":"C:\\Users\\mazzu\\Desktop\\Prog\\Personal\\blustech-ecommerce\\server\\src\\module\\category\\entity\\Category.js","statementMap":{"0":{"start":{"line":8,"column":4},"end":{"line":8,"column":17}},"1":{"start":{"line":9,"column":4},"end":{"line":9,"column":21}},"2":{"start":{"line":10,"column":4},"end":{"line":10,"column":31}},"3":{"start":{"line":11,"column":4},"end":{"line":11,"column":31}},"4":{"start":{"line":15,"column":0},"end":{"line":15,"column":26}}},"fnMap":{"0":{"name":"(anonymous_0)","decl":{"start":{"line":2,"column":2},"end":{"line":2,"column":3}},"loc":{"start":{"line":7,"column":5},"end":{"line":12,"column":3}},"line":7}},"branchMap":{},"s":{"0":35,"1":35,"2":35,"3":35,"4":3},"f":{"0":35},"b":{},"_coverageSchema":"1a1c01bbd47fc00a2c39e90264f33305004495a9","hash":"9bdba193f1ee554911054f7dd7ac1c26ad34d9cb"}
,"C:\\Users\\mazzu\\Desktop\\Prog\\Personal\\blustech-ecommerce\\server\\src\\module\\category\\error\\CategoryIdNotDefined.js": {"path":"C:\\Users\\mazzu\\Desktop\\Prog\\Personal\\blustech-ecommerce\\server\\src\\module\\category\\error\\CategoryIdNotDefined.js","statementMap":{"0":{"start":{"line":1,"column":0},"end":{"line":1,"column":65}}},"fnMap":{},"branchMap":{},"s":{"0":2},"f":{},"b":{},"_coverageSchema":"1a1c01bbd47fc00a2c39e90264f33305004495a9","hash":"a3fe6f967183fec81b1fde2d836966c0198002c6"}
,"C:\\Users\\mazzu\\Desktop\\Prog\\Personal\\blustech-ecommerce\\server\\src\\module\\category\\error\\CategoryNotDefinedError.js": {"path":"C:\\Users\\mazzu\\Desktop\\Prog\\Personal\\blustech-ecommerce\\server\\src\\module\\category\\error\\CategoryNotDefinedError.js","statementMap":{"0":{"start":{"line":1,"column":0},"end":{"line":1,"column":63}}},"fnMap":{},"branchMap":{},"s":{"0":2},"f":{},"b":{},"_coverageSchema":"1a1c01bbd47fc00a2c39e90264f33305004495a9","hash":"6dcc16f58dbef983fd46e0b1e04ce9dcccd81775"}
,"C:\\Users\\mazzu\\Desktop\\Prog\\Personal\\blustech-ecommerce\\server\\src\\module\\category\\error\\CategoryNotFoundError.js": {"path":"C:\\Users\\mazzu\\Desktop\\Prog\\Personal\\blustech-ecommerce\\server\\src\\module\\category\\error\\CategoryNotFoundError.js","statementMap":{"0":{"start":{"line":1,"column":0},"end":{"line":1,"column":61}}},"fnMap":{},"branchMap":{},"s":{"0":1},"f":{},"b":{},"_coverageSchema":"1a1c01bbd47fc00a2c39e90264f33305004495a9","hash":"1ee7bb5a6f8aef56a8fd5430569dfeae2a763937"}
,"C:\\Users\\mazzu\\Desktop\\Prog\\Personal\\blustech-ecommerce\\server\\src\\module\\category\\mapper\\categoryMapper.js": {"path":"C:\\Users\\mazzu\\Desktop\\Prog\\Personal\\blustech-ecommerce\\server\\src\\module\\category\\mapper\\categoryMapper.js","statementMap":{"0":{"start":{"line":1,"column":17},"end":{"line":1,"column":46}},"1":{"start":{"line":9,"column":2},"end":{"line":14,"column":4}},"2":{"start":{"line":23,"column":2},"end":{"line":28,"column":4}},"3":{"start":{"line":31,"column":0},"end":{"line":31,"column":57}}},"fnMap":{"0":{"name":"fromModelToEntity","decl":{"start":{"line":3,"column":9},"end":{"line":3,"column":26}},"loc":{"start":{"line":8,"column":3},"end":{"line":15,"column":1}},"line":8},"1":{"name":"fromFormToEntity","decl":{"start":{"line":17,"column":9},"end":{"line":17,"column":25}},"loc":{"start":{"line":22,"column":3},"end":{"line":29,"column":1}},"line":22}},"branchMap":{},"s":{"0":1,"1":17,"2":0,"3":1},"f":{"0":17,"1":0},"b":{},"_coverageSchema":"1a1c01bbd47fc00a2c39e90264f33305004495a9","hash":"5750155eccc3febd1afc3024805deac5ed30d34e"}
,"C:\\Users\\mazzu\\Desktop\\Prog\\Personal\\blustech-ecommerce\\server\\src\\module\\category\\models\\categoryModel.js": {"path":"C:\\Users\\mazzu\\Desktop\\Prog\\Personal\\blustech-ecommerce\\server\\src\\module\\category\\models\\categoryModel.js","statementMap":{"0":{"start":{"line":1,"column":29},"end":{"line":1,"column":49}},"1":{"start":{"line":5,"column":4},"end":{"line":24,"column":6}},"2":{"start":{"line":26,"column":4},"end":{"line":26,"column":20}},"3":{"start":{"line":30,"column":0},"end":{"line":30,"column":26}}},"fnMap":{"0":{"name":"(anonymous_0)","decl":{"start":{"line":4,"column":2},"end":{"line":4,"column":3}},"loc":{"start":{"line":4,"column":34},"end":{"line":27,"column":3}},"line":4}},"branchMap":{},"s":{"0":2,"1":20,"2":20,"3":2},"f":{"0":20},"b":{},"_coverageSchema":"1a1c01bbd47fc00a2c39e90264f33305004495a9","hash":"2d159d8c4acdda214ec9aa071e724016eb4e9117"}
,"C:\\Users\\mazzu\\Desktop\\Prog\\Personal\\blustech-ecommerce\\server\\src\\module\\category\\repository\\categoryRepository.js": {"path":"C:\\Users\\mazzu\\Desktop\\Prog\\Personal\\blustech-ecommerce\\server\\src\\module\\category\\repository\\categoryRepository.js","statementMap":{"0":{"start":{"line":1,"column":17},"end":{"line":1,"column":46}},"1":{"start":{"line":2,"column":34},"end":{"line":2,"column":74}},"2":{"start":{"line":3,"column":30},"end":{"line":3,"column":71}},"3":{"start":{"line":4,"column":32},"end":{"line":4,"column":75}},"4":{"start":{"line":5,"column":30},"end":{"line":5,"column":65}},"5":{"start":{"line":6,"column":15},"end":{"line":6,"column":35}},"6":{"start":{"line":10,"column":4},"end":{"line":10,"column":39}},"7":{"start":{"line":14,"column":4},"end":{"line":16,"column":5}},"8":{"start":{"line":15,"column":6},"end":{"line":15,"column":42}},"9":{"start":{"line":18,"column":24},"end":{"line":20,"column":6}},"10":{"start":{"line":21,"column":4},"end":{"line":21,"column":29}},"11":{"start":{"line":23,"column":4},"end":{"line":23,"column":42}},"12":{"start":{"line":27,"column":16},"end":{"line":27,"column":18}},"13":{"start":{"line":29,"column":4},"end":{"line":32,"column":5}},"14":{"start":{"line":31,"column":6},"end":{"line":31,"column":58}},"15":{"start":{"line":34,"column":19},"end":{"line":38,"column":6}},"16":{"start":{"line":40,"column":17},"end":{"line":43,"column":5}},"17":{"start":{"line":42,"column":48},"end":{"line":42,"column":75}},"18":{"start":{"line":45,"column":4},"end":{"line":45,"column":16}},"19":{"start":{"line":49,"column":4},"end":{"line":51,"column":5}},"20":{"start":{"line":50,"column":6},"end":{"line":50,"column":44}},"21":{"start":{"line":53,"column":21},"end":{"line":53,"column":58}},"22":{"start":{"line":54,"column":4},"end":{"line":56,"column":5}},"23":{"start":{"line":55,"column":6},"end":{"line":55,"column":78}},"24":{"start":{"line":58,"column":4},"end":{"line":58,"column":39}},"25":{"start":{"line":63,"column":4},"end":{"line":65,"column":5}},"26":{"start":{"line":64,"column":6},"end":{"line":64,"column":42}},"27":{"start":{"line":67,"column":4},"end":{"line":67,"column":85}},"28":{"start":{"line":71,"column":0},"end":{"line":71,"column":36}}},"fnMap":{"0":{"name":"(anonymous_0)","decl":{"start":{"line":9,"column":2},"end":{"line":9,"column":3}},"loc":{"start":{"line":9,"column":33},"end":{"line":11,"column":3}},"line":9},"1":{"name":"(anonymous_1)","decl":{"start":{"line":13,"column":2},"end":{"line":13,"column":3}},"loc":{"start":{"line":13,"column":23},"end":{"line":24,"column":3}},"line":13},"2":{"name":"(anonymous_2)","decl":{"start":{"line":26,"column":2},"end":{"line":26,"column":3}},"loc":{"start":{"line":26,"column":53},"end":{"line":46,"column":3}},"line":26},"3":{"name":"(anonymous_3)","decl":{"start":{"line":42,"column":34},"end":{"line":42,"column":35}},"loc":{"start":{"line":42,"column":48},"end":{"line":42,"column":75}},"line":42},"4":{"name":"(anonymous_4)","decl":{"start":{"line":48,"column":2},"end":{"line":48,"column":3}},"loc":{"start":{"line":48,"column":20},"end":{"line":59,"column":3}},"line":48},"5":{"name":"(anonymous_5)","decl":{"start":{"line":62,"column":2},"end":{"line":62,"column":3}},"loc":{"start":{"line":62,"column":25},"end":{"line":68,"column":3}},"line":62}},"branchMap":{"0":{"loc":{"start":{"line":14,"column":4},"end":{"line":16,"column":5}},"type":"if","locations":[{"start":{"line":14,"column":4},"end":{"line":16,"column":5}},{"start":{"line":14,"column":4},"end":{"line":16,"column":5}}],"line":14},"1":{"loc":{"start":{"line":26,"column":15},"end":{"line":26,"column":25}},"type":"default-arg","locations":[{"start":{"line":26,"column":24},"end":{"line":26,"column":25}}],"line":26},"2":{"loc":{"start":{"line":26,"column":27},"end":{"line":26,"column":37}},"type":"default-arg","locations":[{"start":{"line":26,"column":35},"end":{"line":26,"column":37}}],"line":26},"3":{"loc":{"start":{"line":29,"column":4},"end":{"line":32,"column":5}},"type":"if","locations":[{"start":{"line":29,"column":4},"end":{"line":32,"column":5}},{"start":{"line":29,"column":4},"end":{"line":32,"column":5}}],"line":29},"4":{"loc":{"start":{"line":49,"column":4},"end":{"line":51,"column":5}},"type":"if","locations":[{"start":{"line":49,"column":4},"end":{"line":51,"column":5}},{"start":{"line":49,"column":4},"end":{"line":51,"column":5}}],"line":49},"5":{"loc":{"start":{"line":54,"column":4},"end":{"line":56,"column":5}},"type":"if","locations":[{"start":{"line":54,"column":4},"end":{"line":56,"column":5}},{"start":{"line":54,"column":4},"end":{"line":56,"column":5}}],"line":54},"6":{"loc":{"start":{"line":63,"column":4},"end":{"line":65,"column":5}},"type":"if","locations":[{"start":{"line":63,"column":4},"end":{"line":65,"column":5}},{"start":{"line":63,"column":4},"end":{"line":65,"column":5}}],"line":63}},"s":{"0":1,"1":1,"2":1,"3":1,"4":1,"5":1,"6":10,"7":12,"8":1,"9":11,"10":11,"11":11,"12":2,"13":2,"14":0,"15":2,"16":2,"17":4,"18":2,"19":4,"20":1,"21":3,"22":3,"23":1,"24":2,"25":3,"26":1,"27":2,"28":1},"f":{"0":10,"1":12,"2":2,"3":4,"4":4,"5":3},"b":{"0":[1,11],"1":[1],"2":[1],"3":[0,2],"4":[1,3],"5":[1,2],"6":[1,2]},"_coverageSchema":"1a1c01bbd47fc00a2c39e90264f33305004495a9","hash":"e182b0dc29b571db36aa208480b749c385e42a30"}
,"C:\\Users\\mazzu\\Desktop\\Prog\\Personal\\blustech-ecommerce\\server\\src\\module\\category\\service\\categoryService.js": {"path":"C:\\Users\\mazzu\\Desktop\\Prog\\Personal\\blustech-ecommerce\\server\\src\\module\\category\\service\\categoryService.js","statementMap":{"0":{"start":{"line":1,"column":17},"end":{"line":1,"column":46}},"1":{"start":{"line":2,"column":34},"end":{"line":2,"column":74}},"2":{"start":{"line":3,"column":32},"end":{"line":3,"column":75}},"3":{"start":{"line":7,"column":4},"end":{"line":7,"column":49}},"4":{"start":{"line":11,"column":4},"end":{"line":11,"column":71}},"5":{"start":{"line":15,"column":4},"end":{"line":17,"column":5}},"6":{"start":{"line":16,"column":6},"end":{"line":16,"column":42}},"7":{"start":{"line":19,"column":4},"end":{"line":19,"column":50}},"8":{"start":{"line":23,"column":4},"end":{"line":25,"column":5}},"9":{"start":{"line":24,"column":6},"end":{"line":24,"column":44}},"10":{"start":{"line":27,"column":4},"end":{"line":27,"column":47}},"11":{"start":{"line":31,"column":4},"end":{"line":33,"column":5}},"12":{"start":{"line":32,"column":6},"end":{"line":32,"column":42}},"13":{"start":{"line":35,"column":4},"end":{"line":35,"column":52}},"14":{"start":{"line":39,"column":0},"end":{"line":39,"column":33}}},"fnMap":{"0":{"name":"(anonymous_0)","decl":{"start":{"line":6,"column":2},"end":{"line":6,"column":3}},"loc":{"start":{"line":6,"column":38},"end":{"line":8,"column":3}},"line":6},"1":{"name":"(anonymous_1)","decl":{"start":{"line":10,"column":2},"end":{"line":10,"column":3}},"loc":{"start":{"line":10,"column":44},"end":{"line":12,"column":3}},"line":10},"2":{"name":"(anonymous_2)","decl":{"start":{"line":14,"column":2},"end":{"line":14,"column":3}},"loc":{"start":{"line":14,"column":23},"end":{"line":20,"column":3}},"line":14},"3":{"name":"(anonymous_3)","decl":{"start":{"line":22,"column":2},"end":{"line":22,"column":3}},"loc":{"start":{"line":22,"column":20},"end":{"line":28,"column":3}},"line":22},"4":{"name":"(anonymous_4)","decl":{"start":{"line":30,"column":2},"end":{"line":30,"column":3}},"loc":{"start":{"line":30,"column":25},"end":{"line":36,"column":3}},"line":30}},"branchMap":{"0":{"loc":{"start":{"line":15,"column":4},"end":{"line":17,"column":5}},"type":"if","locations":[{"start":{"line":15,"column":4},"end":{"line":17,"column":5}},{"start":{"line":15,"column":4},"end":{"line":17,"column":5}}],"line":15},"1":{"loc":{"start":{"line":23,"column":4},"end":{"line":25,"column":5}},"type":"if","locations":[{"start":{"line":23,"column":4},"end":{"line":25,"column":5}},{"start":{"line":23,"column":4},"end":{"line":25,"column":5}}],"line":23},"2":{"loc":{"start":{"line":31,"column":4},"end":{"line":33,"column":5}},"type":"if","locations":[{"start":{"line":31,"column":4},"end":{"line":33,"column":5}},{"start":{"line":31,"column":4},"end":{"line":33,"column":5}}],"line":31}},"s":{"0":1,"1":1,"2":1,"3":1,"4":1,"5":2,"6":1,"7":1,"8":2,"9":1,"10":1,"11":2,"12":1,"13":1,"14":1},"f":{"0":1,"1":1,"2":2,"3":2,"4":2},"b":{"0":[1,1],"1":[1,1],"2":[1,1]},"_coverageSchema":"1a1c01bbd47fc00a2c39e90264f33305004495a9","hash":"f201dbab70197e7375cf3bde6b4574b83014d2c4"}
,"C:\\Users\\mazzu\\Desktop\\Prog\\Personal\\blustech-ecommerce\\server\\src\\module\\product\\module.js": {"path":"C:\\Users\\mazzu\\Desktop\\Prog\\Personal\\blustech-ecommerce\\server\\src\\module\\product\\module.js","statementMap":{"0":{"start":{"line":1,"column":26},"end":{"line":1,"column":67}},"1":{"start":{"line":2,"column":21},"end":{"line":2,"column":52}},"2":{"start":{"line":3,"column":26},"end":{"line":3,"column":67}},"3":{"start":{"line":4,"column":23},"end":{"line":4,"column":58}},"4":{"start":{"line":5,"column":31},"end":{"line":5,"column":62}},"5":{"start":{"line":8,"column":26},"end":{"line":8,"column":69}},"6":{"start":{"line":9,"column":24},"end":{"line":9,"column":57}},"7":{"start":{"line":10,"column":2},"end":{"line":10,"column":38}},"8":{"start":{"line":13,"column":0},"end":{"line":20,"column":1}}},"fnMap":{"0":{"name":"initProductModule","decl":{"start":{"line":7,"column":9},"end":{"line":7,"column":26}},"loc":{"start":{"line":7,"column":43},"end":{"line":11,"column":1}},"line":7}},"branchMap":{},"s":{"0":1,"1":1,"2":1,"3":1,"4":1,"5":1,"6":1,"7":1,"8":1},"f":{"0":1},"b":{},"_coverageSchema":"1a1c01bbd47fc00a2c39e90264f33305004495a9","hash":"b881d48217453c4a7c2e5c3a8991fb570e382abf"}
,"C:\\Users\\mazzu\\Desktop\\Prog\\Personal\\blustech-ecommerce\\server\\src\\module\\product\\controller\\productController.js": {"path":"C:\\Users\\mazzu\\Desktop\\Prog\\Personal\\blustech-ecommerce\\server\\src\\module\\product\\controller\\productController.js","statementMap":{"0":{"start":{"line":1,"column":29},"end":{"line":1,"column":63}},"1":{"start":{"line":3,"column":0},"end":{"line":71,"column":2}},"2":{"start":{"line":5,"column":4},"end":{"line":5,"column":41}},"3":{"start":{"line":9,"column":48},"end":{"line":9,"column":57}},"4":{"start":{"line":10,"column":4},"end":{"line":12,"column":5}},"5":{"start":{"line":11,"column":6},"end":{"line":11,"column":15}},"6":{"start":{"line":14,"column":18},"end":{"line":14,"column":20}},"7":{"start":{"line":15,"column":19},"end":{"line":15,"column":37}},"8":{"start":{"line":17,"column":17},"end":{"line":17,"column":87}},"9":{"start":{"line":18,"column":4},"end":{"line":18,"column":31}},"10":{"start":{"line":22,"column":4},"end":{"line":27,"column":5}},"11":{"start":{"line":23,"column":22},"end":{"line":23,"column":70}},"12":{"start":{"line":24,"column":6},"end":{"line":24,"column":36}},"13":{"start":{"line":26,"column":6},"end":{"line":26,"column":14}},"14":{"start":{"line":31,"column":4},"end":{"line":33,"column":5}},"15":{"start":{"line":32,"column":6},"end":{"line":32,"column":41}},"16":{"start":{"line":35,"column":4},"end":{"line":41,"column":5}},"17":{"start":{"line":36,"column":22},"end":{"line":36,"column":48}},"18":{"start":{"line":37,"column":6},"end":{"line":37,"column":46}},"19":{"start":{"line":38,"column":6},"end":{"line":38,"column":26}},"20":{"start":{"line":40,"column":6},"end":{"line":40,"column":16}},"21":{"start":{"line":45,"column":4},"end":{"line":52,"column":5}},"22":{"start":{"line":46,"column":24},"end":{"line":46,"column":37}},"23":{"start":{"line":47,"column":22},"end":{"line":47,"column":66}},"24":{"start":{"line":48,"column":6},"end":{"line":48,"column":42}},"25":{"start":{"line":49,"column":6},"end":{"line":49,"column":33}},"26":{"start":{"line":51,"column":6},"end":{"line":51,"column":14}},"27":{"start":{"line":56,"column":4},"end":{"line":58,"column":5}},"28":{"start":{"line":57,"column":6},"end":{"line":57,"column":41}},"29":{"start":{"line":60,"column":4},"end":{"line":60,"column":26}},"30":{"start":{"line":62,"column":4},"end":{"line":69,"column":5}},"31":{"start":{"line":63,"column":22},"end":{"line":63,"column":48}},"32":{"start":{"line":64,"column":6},"end":{"line":64,"column":33}},"33":{"start":{"line":65,"column":6},"end":{"line":65,"column":46}},"34":{"start":{"line":66,"column":6},"end":{"line":66,"column":26}},"35":{"start":{"line":68,"column":6},"end":{"line":68,"column":16}}},"fnMap":{"0":{"name":"(anonymous_0)","decl":{"start":{"line":4,"column":2},"end":{"line":4,"column":3}},"loc":{"start":{"line":4,"column":34},"end":{"line":6,"column":3}},"line":4},"1":{"name":"(anonymous_1)","decl":{"start":{"line":8,"column":2},"end":{"line":8,"column":3}},"loc":{"start":{"line":8,"column":24},"end":{"line":19,"column":3}},"line":8},"2":{"name":"(anonymous_2)","decl":{"start":{"line":21,"column":2},"end":{"line":21,"column":3}},"loc":{"start":{"line":21,"column":32},"end":{"line":28,"column":3}},"line":21},"3":{"name":"(anonymous_3)","decl":{"start":{"line":30,"column":2},"end":{"line":30,"column":3}},"loc":{"start":{"line":30,"column":23},"end":{"line":42,"column":3}},"line":30},"4":{"name":"(anonymous_4)","decl":{"start":{"line":44,"column":2},"end":{"line":44,"column":3}},"loc":{"start":{"line":44,"column":31},"end":{"line":53,"column":3}},"line":44},"5":{"name":"(anonymous_5)","decl":{"start":{"line":55,"column":2},"end":{"line":55,"column":3}},"loc":{"start":{"line":55,"column":29},"end":{"line":70,"column":3}},"line":55}},"branchMap":{"0":{"loc":{"start":{"line":10,"column":4},"end":{"line":12,"column":5}},"type":"if","locations":[{"start":{"line":10,"column":4},"end":{"line":12,"column":5}},{"start":{"line":10,"column":4},"end":{"line":12,"column":5}}],"line":10},"1":{"loc":{"start":{"line":10,"column":8},"end":{"line":10,"column":37}},"type":"binary-expr","locations":[{"start":{"line":10,"column":8},"end":{"line":10,"column":16}},{"start":{"line":10,"column":20},"end":{"line":10,"column":37}}],"line":10},"2":{"loc":{"start":{"line":31,"column":4},"end":{"line":33,"column":5}},"type":"if","locations":[{"start":{"line":31,"column":4},"end":{"line":33,"column":5}},{"start":{"line":31,"column":4},"end":{"line":33,"column":5}}],"line":31},"3":{"loc":{"start":{"line":56,"column":4},"end":{"line":58,"column":5}},"type":"if","locations":[{"start":{"line":56,"column":4},"end":{"line":58,"column":5}},{"start":{"line":56,"column":4},"end":{"line":58,"column":5}}],"line":56}},"s":{"0":1,"1":1,"2":0,"3":0,"4":0,"5":0,"6":0,"7":0,"8":0,"9":0,"10":0,"11":0,"12":0,"13":0,"14":0,"15":0,"16":0,"17":0,"18":0,"19":0,"20":0,"21":0,"22":0,"23":0,"24":0,"25":0,"26":0,"27":0,"28":0,"29":0,"30":0,"31":0,"32":0,"33":0,"34":0,"35":0},"f":{"0":0,"1":0,"2":0,"3":0,"4":0,"5":0},"b":{"0":[0,0],"1":[0,0],"2":[0,0],"3":[0,0]},"_coverageSchema":"1a1c01bbd47fc00a2c39e90264f33305004495a9","hash":"ad4c39fb9494e4dc066f8a25e6f331d4d5f386d1"}
,"C:\\Users\\mazzu\\Desktop\\Prog\\Personal\\blustech-ecommerce\\server\\src\\module\\product\\controller\\__test__\\product.fixture.js": {"path":"C:\\Users\\mazzu\\Desktop\\Prog\\Personal\\blustech-ecommerce\\server\\src\\module\\product\\controller\\__test__\\product.fixture.js","statementMap":{"0":{"start":{"line":1,"column":16},"end":{"line":1,"column":47}},"1":{"start":{"line":3,"column":0},"end":{"line":16,"column":1}},"2":{"start":{"line":4,"column":2},"end":{"line":15,"column":3}}},"fnMap":{"0":{"name":"createTestProduct","decl":{"start":{"line":3,"column":26},"end":{"line":3,"column":43}},"loc":{"start":{"line":3,"column":48},"end":{"line":16,"column":1}},"line":3}},"branchMap":{},"s":{"0":1,"1":1,"2":6},"f":{"0":6},"b":{},"_coverageSchema":"1a1c01bbd47fc00a2c39e90264f33305004495a9","hash":"63bf81084b144cf23db0cc70be932419f11bec14"}
,"C:\\Users\\mazzu\\Desktop\\Prog\\Personal\\blustech-ecommerce\\server\\src\\module\\product\\entity\\Product.js": {"path":"C:\\Users\\mazzu\\Desktop\\Prog\\Personal\\blustech-ecommerce\\server\\src\\module\\product\\entity\\Product.js","statementMap":{"0":{"start":{"line":2,"column":0},"end":{"line":32,"column":1}},"1":{"start":{"line":19,"column":4},"end":{"line":19,"column":17}},"2":{"start":{"line":20,"column":4},"end":{"line":20,"column":35}},"3":{"start":{"line":21,"column":4},"end":{"line":21,"column":29}},"4":{"start":{"line":22,"column":4},"end":{"line":22,"column":29}},"5":{"start":{"line":23,"column":4},"end":{"line":23,"column":23}},"6":{"start":{"line":24,"column":4},"end":{"line":24,"column":23}},"7":{"start":{"line":25,"column":4},"end":{"line":25,"column":23}},"8":{"start":{"line":26,"column":4},"end":{"line":26,"column":29}},"9":{"start":{"line":27,"column":4},"end":{"line":27,"column":23}},"10":{"start":{"line":28,"column":4},"end":{"line":28,"column":35}},"11":{"start":{"line":29,"column":4},"end":{"line":29,"column":31}},"12":{"start":{"line":30,"column":4},"end":{"line":30,"column":31}}},"fnMap":{"0":{"name":"(anonymous_0)","decl":{"start":{"line":3,"column":2},"end":{"line":3,"column":3}},"loc":{"start":{"line":18,"column":4},"end":{"line":31,"column":3}},"line":18}},"branchMap":{},"s":{"0":2,"1":23,"2":23,"3":23,"4":23,"5":23,"6":23,"7":23,"8":23,"9":23,"10":23,"11":23,"12":23},"f":{"0":23},"b":{},"_coverageSchema":"1a1c01bbd47fc00a2c39e90264f33305004495a9","hash":"108d6cb41c0e0253dc1ccaede0309f5714a8cf0b"}
,"C:\\Users\\mazzu\\Desktop\\Prog\\Personal\\blustech-ecommerce\\server\\src\\module\\product\\error\\ProductIdNotDefinedError.js": {"path":"C:\\Users\\mazzu\\Desktop\\Prog\\Personal\\blustech-ecommerce\\server\\src\\module\\product\\error\\ProductIdNotDefinedError.js","statementMap":{"0":{"start":{"line":1,"column":0},"end":{"line":1,"column":65}}},"fnMap":{},"branchMap":{},"s":{"0":2},"f":{},"b":{},"_coverageSchema":"1a1c01bbd47fc00a2c39e90264f33305004495a9","hash":"499967d8cf654a1fa33393aa87ef503ce2b3e529"}
,"C:\\Users\\mazzu\\Desktop\\Prog\\Personal\\blustech-ecommerce\\server\\src\\module\\product\\error\\ProductNotDefinedError.js": {"path":"C:\\Users\\mazzu\\Desktop\\Prog\\Personal\\blustech-ecommerce\\server\\src\\module\\product\\error\\ProductNotDefinedError.js","statementMap":{"0":{"start":{"line":1,"column":0},"end":{"line":1,"column":63}}},"fnMap":{},"branchMap":{},"s":{"0":2},"f":{},"b":{},"_coverageSchema":"1a1c01bbd47fc00a2c39e90264f33305004495a9","hash":"3fd7162c4274e2de9b59c907b0438f7b02672eac"}
,"C:\\Users\\mazzu\\Desktop\\Prog\\Personal\\blustech-ecommerce\\server\\src\\module\\product\\error\\ProductNotFoundError.js": {"path":"C:\\Users\\mazzu\\Desktop\\Prog\\Personal\\blustech-ecommerce\\server\\src\\module\\product\\error\\ProductNotFoundError.js","statementMap":{"0":{"start":{"line":1,"column":0},"end":{"line":1,"column":61}}},"fnMap":{},"branchMap":{},"s":{"0":2},"f":{},"b":{},"_coverageSchema":"1a1c01bbd47fc00a2c39e90264f33305004495a9","hash":"56c4e52fd034b0d7234cb891125fc3e29362672c"}
,"C:\\Users\\mazzu\\Desktop\\Prog\\Personal\\blustech-ecommerce\\server\\src\\module\\product\\mapper\\productMapper.js": {"path":"C:\\Users\\mazzu\\Desktop\\Prog\\Personal\\blustech-ecommerce\\server\\src\\module\\product\\mapper\\productMapper.js","statementMap":{"0":{"start":{"line":2,"column":16},"end":{"line":2,"column":44}},"1":{"start":{"line":18,"column":2},"end":{"line":33,"column":3}},"2":{"start":{"line":46,"column":2},"end":{"line":57,"column":3}},"3":{"start":{"line":60,"column":0},"end":{"line":60,"column":55}}},"fnMap":{"0":{"name":"fromModelToEntity","decl":{"start":{"line":4,"column":9},"end":{"line":4,"column":26}},"loc":{"start":{"line":17,"column":3},"end":{"line":34,"column":1}},"line":17},"1":{"name":"fromFormToEntity","decl":{"start":{"line":36,"column":9},"end":{"line":36,"column":25}},"loc":{"start":{"line":45,"column":3},"end":{"line":58,"column":1}},"line":45}},"branchMap":{},"s":{"0":2,"1":17,"2":0,"3":2},"f":{"0":17,"1":0},"b":{},"_coverageSchema":"1a1c01bbd47fc00a2c39e90264f33305004495a9","hash":"f71faade729be6decaa6fe662012a479c919b349"}
,"C:\\Users\\mazzu\\Desktop\\Prog\\Personal\\blustech-ecommerce\\server\\src\\module\\product\\model\\productModel.js": {"path":"C:\\Users\\mazzu\\Desktop\\Prog\\Personal\\blustech-ecommerce\\server\\src\\module\\product\\model\\productModel.js","statementMap":{"0":{"start":{"line":1,"column":29},"end":{"line":1,"column":49}},"1":{"start":{"line":6,"column":4},"end":{"line":48,"column":6}},"2":{"start":{"line":50,"column":4},"end":{"line":50,"column":19}},"3":{"start":{"line":54,"column":4},"end":{"line":57,"column":6}},"4":{"start":{"line":58,"column":4},"end":{"line":58,"column":35}},"5":{"start":{"line":60,"column":4},"end":{"line":63,"column":6}},"6":{"start":{"line":64,"column":4},"end":{"line":64,"column":32}},"7":{"start":{"line":66,"column":4},"end":{"line":66,"column":19}},"8":{"start":{"line":82,"column":0},"end":{"line":82,"column":25}}},"fnMap":{"0":{"name":"(anonymous_0)","decl":{"start":{"line":5,"column":2},"end":{"line":5,"column":3}},"loc":{"start":{"line":5,"column":34},"end":{"line":51,"column":3}},"line":5},"1":{"name":"(anonymous_1)","decl":{"start":{"line":53,"column":2},"end":{"line":53,"column":3}},"loc":{"start":{"line":53,"column":53},"end":{"line":67,"column":3}},"line":53}},"branchMap":{},"s":{"0":2,"1":10,"2":10,"3":10,"4":10,"5":10,"6":10,"7":10,"8":2},"f":{"0":10,"1":10},"b":{},"_coverageSchema":"1a1c01bbd47fc00a2c39e90264f33305004495a9","hash":"d5b00394f3ef910538e76d84a70843ebaf60d54e"}
,"C:\\Users\\mazzu\\Desktop\\Prog\\Personal\\blustech-ecommerce\\server\\src\\module\\product\\repository\\productRepository.js": {"path":"C:\\Users\\mazzu\\Desktop\\Prog\\Personal\\blustech-ecommerce\\server\\src\\module\\product\\repository\\productRepository.js","statementMap":{"0":{"start":{"line":1,"column":16},"end":{"line":1,"column":44}},"1":{"start":{"line":2,"column":33},"end":{"line":2,"column":77}},"2":{"start":{"line":3,"column":31},"end":{"line":3,"column":73}},"3":{"start":{"line":4,"column":29},"end":{"line":4,"column":69}},"4":{"start":{"line":5,"column":30},"end":{"line":5,"column":64}},"5":{"start":{"line":6,"column":15},"end":{"line":6,"column":35}},"6":{"start":{"line":10,"column":4},"end":{"line":10,"column":37}},"7":{"start":{"line":11,"column":4},"end":{"line":11,"column":39}},"8":{"start":{"line":12,"column":4},"end":{"line":12,"column":33}},"9":{"start":{"line":16,"column":16},"end":{"line":16,"column":18}},"10":{"start":{"line":18,"column":4},"end":{"line":27,"column":5}},"11":{"start":{"line":20,"column":6},"end":{"line":26,"column":7}},"12":{"start":{"line":29,"column":4},"end":{"line":31,"column":5}},"13":{"start":{"line":30,"column":6},"end":{"line":30,"column":53}},"14":{"start":{"line":33,"column":4},"end":{"line":35,"column":5}},"15":{"start":{"line":34,"column":6},"end":{"line":34,"column":47}},"16":{"start":{"line":37,"column":19},"end":{"line":45,"column":6}},"17":{"start":{"line":47,"column":17},"end":{"line":50,"column":5}},"18":{"start":{"line":49,"column":45},"end":{"line":49,"column":71}},"19":{"start":{"line":52,"column":4},"end":{"line":52,"column":15}},"20":{"start":{"line":56,"column":4},"end":{"line":58,"column":5}},"21":{"start":{"line":57,"column":6},"end":{"line":57,"column":43}},"22":{"start":{"line":60,"column":20},"end":{"line":65,"column":6}},"23":{"start":{"line":66,"column":4},"end":{"line":68,"column":5}},"24":{"start":{"line":67,"column":6},"end":{"line":67,"column":76}},"25":{"start":{"line":70,"column":4},"end":{"line":70,"column":38}},"26":{"start":{"line":74,"column":4},"end":{"line":76,"column":5}},"27":{"start":{"line":75,"column":6},"end":{"line":75,"column":41}},"28":{"start":{"line":78,"column":23},"end":{"line":80,"column":6}},"29":{"start":{"line":81,"column":4},"end":{"line":81,"column":28}},"30":{"start":{"line":83,"column":4},"end":{"line":83,"column":41}},"31":{"start":{"line":87,"column":4},"end":{"line":89,"column":5}},"32":{"start":{"line":88,"column":6},"end":{"line":88,"column":41}},"33":{"start":{"line":91,"column":4},"end":{"line":91,"column":81}},"34":{"start":{"line":95,"column":0},"end":{"line":95,"column":35}}},"fnMap":{"0":{"name":"(anonymous_0)","decl":{"start":{"line":9,"column":2},"end":{"line":9,"column":3}},"loc":{"start":{"line":9,"column":59},"end":{"line":13,"column":3}},"line":9},"1":{"name":"(anonymous_1)","decl":{"start":{"line":15,"column":2},"end":{"line":15,"column":3}},"loc":{"start":{"line":15,"column":62},"end":{"line":53,"column":3}},"line":15},"2":{"name":"(anonymous_2)","decl":{"start":{"line":49,"column":32},"end":{"line":49,"column":33}},"loc":{"start":{"line":49,"column":45},"end":{"line":49,"column":71}},"line":49},"3":{"name":"(anonymous_3)","decl":{"start":{"line":55,"column":2},"end":{"line":55,"column":3}},"loc":{"start":{"line":55,"column":20},"end":{"line":71,"column":3}},"line":55},"4":{"name":"(anonymous_4)","decl":{"start":{"line":73,"column":2},"end":{"line":73,"column":3}},"loc":{"start":{"line":73,"column":22},"end":{"line":84,"column":3}},"line":73},"5":{"name":"(anonymous_5)","decl":{"start":{"line":86,"column":2},"end":{"line":86,"column":3}},"loc":{"start":{"line":86,"column":24},"end":{"line":92,"column":3}},"line":86}},"branchMap":{"0":{"loc":{"start":{"line":15,"column":15},"end":{"line":15,"column":25}},"type":"default-arg","locations":[{"start":{"line":15,"column":24},"end":{"line":15,"column":25}}],"line":15},"1":{"loc":{"start":{"line":15,"column":27},"end":{"line":15,"column":37}},"type":"default-arg","locations":[{"start":{"line":15,"column":35},"end":{"line":15,"column":37}}],"line":15},"2":{"loc":{"start":{"line":18,"column":4},"end":{"line":27,"column":5}},"type":"if","locations":[{"start":{"line":18,"column":4},"end":{"line":27,"column":5}},{"start":{"line":18,"column":4},"end":{"line":27,"column":5}}],"line":18},"3":{"loc":{"start":{"line":29,"column":4},"end":{"line":31,"column":5}},"type":"if","locations":[{"start":{"line":29,"column":4},"end":{"line":31,"column":5}},{"start":{"line":29,"column":4},"end":{"line":31,"column":5}}],"line":29},"4":{"loc":{"start":{"line":33,"column":4},"end":{"line":35,"column":5}},"type":"if","locations":[{"start":{"line":33,"column":4},"end":{"line":35,"column":5}},{"start":{"line":33,"column":4},"end":{"line":35,"column":5}}],"line":33},"5":{"loc":{"start":{"line":56,"column":4},"end":{"line":58,"column":5}},"type":"if","locations":[{"start":{"line":56,"column":4},"end":{"line":58,"column":5}},{"start":{"line":56,"column":4},"end":{"line":58,"column":5}}],"line":56},"6":{"loc":{"start":{"line":66,"column":4},"end":{"line":68,"column":5}},"type":"if","locations":[{"start":{"line":66,"column":4},"end":{"line":68,"column":5}},{"start":{"line":66,"column":4},"end":{"line":68,"column":5}}],"line":66},"7":{"loc":{"start":{"line":74,"column":4},"end":{"line":76,"column":5}},"type":"if","locations":[{"start":{"line":74,"column":4},"end":{"line":76,"column":5}},{"start":{"line":74,"column":4},"end":{"line":76,"column":5}}],"line":74},"8":{"loc":{"start":{"line":87,"column":4},"end":{"line":89,"column":5}},"type":"if","locations":[{"start":{"line":87,"column":4},"end":{"line":89,"column":5}},{"start":{"line":87,"column":4},"end":{"line":89,"column":5}}],"line":87}},"s":{"0":2,"1":2,"2":2,"3":2,"4":2,"5":2,"6":10,"7":10,"8":10,"9":2,"10":2,"11":0,"12":2,"13":0,"14":2,"15":0,"16":2,"17":2,"18":3,"19":2,"20":4,"21":1,"22":3,"23":3,"24":1,"25":2,"26":13,"27":1,"28":12,"29":12,"30":12,"31":3,"32":1,"33":2,"34":2},"f":{"0":10,"1":2,"2":3,"3":4,"4":13,"5":3},"b":{"0":[0],"1":[0],"2":[0,2],"3":[0,2],"4":[0,2],"5":[1,3],"6":[1,2],"7":[1,12],"8":[1,2]},"_coverageSchema":"1a1c01bbd47fc00a2c39e90264f33305004495a9","hash":"9a605f045723d186efafabe2a5a030da273155d6"}
,"C:\\Users\\mazzu\\Desktop\\Prog\\Personal\\blustech-ecommerce\\server\\src\\module\\product\\route\\productRoute.js": {"path":"C:\\Users\\mazzu\\Desktop\\Prog\\Personal\\blustech-ecommerce\\server\\src\\module\\product\\route\\productRoute.js","statementMap":{"0":{"start":{"line":1,"column":16},"end":{"line":1,"column":34}},"1":{"start":{"line":2,"column":15},"end":{"line":2,"column":31}},"2":{"start":{"line":3,"column":30},"end":{"line":3,"column":63}},"3":{"start":{"line":4,"column":30},"end":{"line":4,"column":77}},"4":{"start":{"line":5,"column":17},"end":{"line":5,"column":36}},"5":{"start":{"line":6,"column":19},"end":{"line":6,"column":60}},"6":{"start":{"line":9,"column":2},"end":{"line":9,"column":67}},"7":{"start":{"line":10,"column":2},"end":{"line":10,"column":72}},"8":{"start":{"line":11,"column":2},"end":{"line":19,"column":4}},"9":{"start":{"line":20,"column":2},"end":{"line":28,"column":4}},"10":{"start":{"line":29,"column":2},"end":{"line":34,"column":4}},"11":{"start":{"line":36,"column":2},"end":{"line":36,"column":16}},"12":{"start":{"line":39,"column":0},"end":{"line":39,"column":33}}},"fnMap":{"0":{"name":"configureRouter","decl":{"start":{"line":8,"column":9},"end":{"line":8,"column":24}},"loc":{"start":{"line":8,"column":66},"end":{"line":37,"column":1}},"line":8}},"branchMap":{},"s":{"0":1,"1":1,"2":1,"3":1,"4":1,"5":1,"6":0,"7":0,"8":0,"9":0,"10":0,"11":0,"12":1},"f":{"0":0},"b":{},"_coverageSchema":"1a1c01bbd47fc00a2c39e90264f33305004495a9","hash":"d12280276c81a0a3914d75d8386c9aac9a16ecf6"}
,"C:\\Users\\mazzu\\Desktop\\Prog\\Personal\\blustech-ecommerce\\server\\src\\module\\product\\service\\productService.js": {"path":"C:\\Users\\mazzu\\Desktop\\Prog\\Personal\\blustech-ecommerce\\server\\src\\module\\product\\service\\productService.js","statementMap":{"0":{"start":{"line":1,"column":16},"end":{"line":1,"column":44}},"1":{"start":{"line":2,"column":31},"end":{"line":2,"column":73}},"2":{"start":{"line":6,"column":4},"end":{"line":6,"column":47}},"3":{"start":{"line":10,"column":4},"end":{"line":10,"column":79}},"4":{"start":{"line":14,"column":4},"end":{"line":14,"column":46}},"5":{"start":{"line":18,"column":4},"end":{"line":20,"column":5}},"6":{"start":{"line":19,"column":6},"end":{"line":19,"column":41}},"7":{"start":{"line":21,"column":4},"end":{"line":21,"column":48}},"8":{"start":{"line":25,"column":4},"end":{"line":27,"column":5}},"9":{"start":{"line":26,"column":6},"end":{"line":26,"column":41}},"10":{"start":{"line":29,"column":4},"end":{"line":29,"column":50}},"11":{"start":{"line":33,"column":0},"end":{"line":33,"column":32}}},"fnMap":{"0":{"name":"(anonymous_0)","decl":{"start":{"line":5,"column":2},"end":{"line":5,"column":3}},"loc":{"start":{"line":5,"column":35},"end":{"line":7,"column":3}},"line":5},"1":{"name":"(anonymous_1)","decl":{"start":{"line":9,"column":2},"end":{"line":9,"column":3}},"loc":{"start":{"line":9,"column":53},"end":{"line":11,"column":3}},"line":9},"2":{"name":"(anonymous_2)","decl":{"start":{"line":13,"column":2},"end":{"line":13,"column":3}},"loc":{"start":{"line":13,"column":20},"end":{"line":15,"column":3}},"line":13},"3":{"name":"(anonymous_3)","decl":{"start":{"line":17,"column":2},"end":{"line":17,"column":3}},"loc":{"start":{"line":17,"column":22},"end":{"line":22,"column":3}},"line":17},"4":{"name":"(anonymous_4)","decl":{"start":{"line":24,"column":2},"end":{"line":24,"column":3}},"loc":{"start":{"line":24,"column":24},"end":{"line":30,"column":3}},"line":24}},"branchMap":{"0":{"loc":{"start":{"line":18,"column":4},"end":{"line":20,"column":5}},"type":"if","locations":[{"start":{"line":18,"column":4},"end":{"line":20,"column":5}},{"start":{"line":18,"column":4},"end":{"line":20,"column":5}}],"line":18},"1":{"loc":{"start":{"line":25,"column":4},"end":{"line":27,"column":5}},"type":"if","locations":[{"start":{"line":25,"column":4},"end":{"line":27,"column":5}},{"start":{"line":25,"column":4},"end":{"line":27,"column":5}}],"line":25}},"s":{"0":1,"1":1,"2":0,"3":0,"4":0,"5":0,"6":0,"7":0,"8":0,"9":0,"10":0,"11":1},"f":{"0":0,"1":0,"2":0,"3":0,"4":0},"b":{"0":[0,0],"1":[0,0]},"_coverageSchema":"1a1c01bbd47fc00a2c39e90264f33305004495a9","hash":"d113ef99c6228a9d41bb09b1b152caae622c148e"}
,"C:\\Users\\mazzu\\Desktop\\Prog\\Personal\\blustech-ecommerce\\server\\src\\module\\product\\validator\\validator.js": {"path":"C:\\Users\\mazzu\\Desktop\\Prog\\Personal\\blustech-ecommerce\\server\\src\\module\\product\\validator\\validator.js","statementMap":{"0":{"start":{"line":1,"column":17},"end":{"line":1,"column":45}},"1":{"start":{"line":3,"column":30},"end":{"line":8,"column":1}},"2":{"start":{"line":10,"column":0},"end":{"line":10,"column":39}}},"fnMap":{},"branchMap":{},"s":{"0":1,"1":1,"2":1},"f":{},"b":{},"_coverageSchema":"1a1c01bbd47fc00a2c39e90264f33305004495a9","hash":"f8176327160d8e48593c89e83dacb01e231d58e9"}
,"C:\\Users\\mazzu\\Desktop\\Prog\\Personal\\blustech-ecommerce\\server\\src\\module\\user\\controller\\userController.js": {"path":"C:\\Users\\mazzu\\Desktop\\Prog\\Personal\\blustech-ecommerce\\server\\src\\module\\user\\controller\\userController.js","statementMap":{"0":{"start":{"line":1,"column":15},"end":{"line":1,"column":47}},"1":{"start":{"line":2,"column":29},"end":{"line":2,"column":57}},"2":{"start":{"line":3,"column":29},"end":{"line":3,"column":61}},"3":{"start":{"line":7,"column":4},"end":{"line":7,"column":35}},"4":{"start":{"line":11,"column":4},"end":{"line":11,"column":26}},"5":{"start":{"line":12,"column":4},"end":{"line":12,"column":34}},"6":{"start":{"line":16,"column":18},"end":{"line":16,"column":39}},"7":{"start":{"line":17,"column":4},"end":{"line":19,"column":5}},"8":{"start":{"line":18,"column":6},"end":{"line":18,"column":48}},"9":{"start":{"line":21,"column":4},"end":{"line":31,"column":5}},"10":{"start":{"line":22,"column":19},"end":{"line":22,"column":68}},"11":{"start":{"line":23,"column":6},"end":{"line":23,"column":80}},"12":{"start":{"line":25,"column":18},"end":{"line":25,"column":33}},"13":{"start":{"line":27,"column":6},"end":{"line":27,"column":65}},"14":{"start":{"line":29,"column":6},"end":{"line":29,"column":20}},"15":{"start":{"line":30,"column":6},"end":{"line":30,"column":64}},"16":{"start":{"line":36,"column":18},"end":{"line":36,"column":39}},"17":{"start":{"line":37,"column":4},"end":{"line":39,"column":5}},"18":{"start":{"line":38,"column":6},"end":{"line":38,"column":48}},"19":{"start":{"line":41,"column":4},"end":{"line":57,"column":5}},"20":{"start":{"line":42,"column":19},"end":{"line":42,"column":45}},"21":{"start":{"line":45,"column":25},"end":{"line":45,"column":70}},"22":{"start":{"line":46,"column":6},"end":{"line":48,"column":7}},"23":{"start":{"line":47,"column":8},"end":{"line":47,"column":98}},"24":{"start":{"line":50,"column":6},"end":{"line":50,"column":56}},"25":{"start":{"line":51,"column":6},"end":{"line":51,"column":40}},"26":{"start":{"line":53,"column":6},"end":{"line":53,"column":53}},"27":{"start":{"line":56,"column":6},"end":{"line":56,"column":16}},"28":{"start":{"line":61,"column":4},"end":{"line":61,"column":35}},"29":{"start":{"line":65,"column":0},"end":{"line":65,"column":32}}},"fnMap":{"0":{"name":"(anonymous_0)","decl":{"start":{"line":6,"column":2},"end":{"line":6,"column":3}},"loc":{"start":{"line":6,"column":31},"end":{"line":8,"column":3}},"line":6},"1":{"name":"(anonymous_1)","decl":{"start":{"line":10,"column":2},"end":{"line":10,"column":3}},"loc":{"start":{"line":10,"column":24},"end":{"line":13,"column":3}},"line":10},"2":{"name":"(anonymous_2)","decl":{"start":{"line":15,"column":2},"end":{"line":15,"column":3}},"loc":{"start":{"line":15,"column":24},"end":{"line":32,"column":3}},"line":15},"3":{"name":"(anonymous_3)","decl":{"start":{"line":34,"column":2},"end":{"line":34,"column":3}},"loc":{"start":{"line":34,"column":33},"end":{"line":58,"column":3}},"line":34},"4":{"name":"(anonymous_4)","decl":{"start":{"line":60,"column":2},"end":{"line":60,"column":3}},"loc":{"start":{"line":60,"column":26},"end":{"line":62,"column":3}},"line":60}},"branchMap":{"0":{"loc":{"start":{"line":17,"column":4},"end":{"line":19,"column":5}},"type":"if","locations":[{"start":{"line":17,"column":4},"end":{"line":19,"column":5}},{"start":{"line":17,"column":4},"end":{"line":19,"column":5}}],"line":17},"1":{"loc":{"start":{"line":37,"column":4},"end":{"line":39,"column":5}},"type":"if","locations":[{"start":{"line":37,"column":4},"end":{"line":39,"column":5}},{"start":{"line":37,"column":4},"end":{"line":39,"column":5}}],"line":37},"2":{"loc":{"start":{"line":46,"column":6},"end":{"line":48,"column":7}},"type":"if","locations":[{"start":{"line":46,"column":6},"end":{"line":48,"column":7}},{"start":{"line":46,"column":6},"end":{"line":48,"column":7}}],"line":46}},"s":{"0":1,"1":1,"2":1,"3":1,"4":0,"5":0,"6":2,"7":2,"8":0,"9":2,"10":2,"11":2,"12":2,"13":2,"14":0,"15":0,"16":0,"17":0,"18":0,"19":0,"20":0,"21":0,"22":0,"23":0,"24":0,"25":0,"26":0,"27":0,"28":0,"29":1},"f":{"0":1,"1":0,"2":2,"3":0,"4":0},"b":{"0":[0,2],"1":[0,0],"2":[0,0]},"_coverageSchema":"1a1c01bbd47fc00a2c39e90264f33305004495a9","hash":"dacaa7dee4afebe787ee57367d55149da776dad3"}
,"C:\\Users\\mazzu\\Desktop\\Prog\\Personal\\blustech-ecommerce\\server\\src\\module\\user\\controller\\__test__\\userFixture.js": {"path":"C:\\Users\\mazzu\\Desktop\\Prog\\Personal\\blustech-ecommerce\\server\\src\\module\\user\\controller\\__test__\\userFixture.js","statementMap":{"0":{"start":{"line":1,"column":13},"end":{"line":1,"column":41}},"1":{"start":{"line":3,"column":0},"end":{"line":10,"column":1}},"2":{"start":{"line":4,"column":2},"end":{"line":9,"column":4}}},"fnMap":{"0":{"name":"createTestUser","decl":{"start":{"line":3,"column":26},"end":{"line":3,"column":40}},"loc":{"start":{"line":3,"column":45},"end":{"line":10,"column":1}},"line":3}},"branchMap":{},"s":{"0":2,"1":2,"2":7},"f":{"0":7},"b":{},"_coverageSchema":"1a1c01bbd47fc00a2c39e90264f33305004495a9","hash":"2fab65d1d7f34a28fa6a03c9d839f331776ad26c"}
,"C:\\Users\\mazzu\\Desktop\\Prog\\Personal\\blustech-ecommerce\\server\\src\\module\\user\\entity\\User.js": {"path":"C:\\Users\\mazzu\\Desktop\\Prog\\Personal\\blustech-ecommerce\\server\\src\\module\\user\\entity\\User.js","statementMap":{"0":{"start":{"line":11,"column":4},"end":{"line":11,"column":17}},"1":{"start":{"line":12,"column":4},"end":{"line":12,"column":21}},"2":{"start":{"line":13,"column":4},"end":{"line":13,"column":23}},"3":{"start":{"line":14,"column":4},"end":{"line":14,"column":29}},"4":{"start":{"line":15,"column":4},"end":{"line":15,"column":27}},"5":{"start":{"line":16,"column":4},"end":{"line":16,"column":31}},"6":{"start":{"line":17,"column":4},"end":{"line":17,"column":31}},"7":{"start":{"line":21,"column":0},"end":{"line":21,"column":22}}},"fnMap":{"0":{"name":"(anonymous_0)","decl":{"start":{"line":2,"column":2},"end":{"line":2,"column":3}},"loc":{"start":{"line":10,"column":5},"end":{"line":18,"column":3}},"line":10}},"branchMap":{},"s":{"0":14,"1":14,"2":14,"3":14,"4":14,"5":14,"6":14,"7":3},"f":{"0":14},"b":{},"_coverageSchema":"1a1c01bbd47fc00a2c39e90264f33305004495a9","hash":"ea60fbdf5a293173ce4d1725c8836b6c94911eab"}
,"C:\\Users\\mazzu\\Desktop\\Prog\\Personal\\blustech-ecommerce\\server\\src\\module\\user\\error\\UserAlreadyExistsError.js": {"path":"C:\\Users\\mazzu\\Desktop\\Prog\\Personal\\blustech-ecommerce\\server\\src\\module\\user\\error\\UserAlreadyExistsError.js","statementMap":{"0":{"start":{"line":1,"column":0},"end":{"line":1,"column":62}}},"fnMap":{},"branchMap":{},"s":{"0":1},"f":{},"b":{},"_coverageSchema":"1a1c01bbd47fc00a2c39e90264f33305004495a9","hash":"73f93573ded6c2fdc3107ba8daa8aa87a06fce07"}
,"C:\\Users\\mazzu\\Desktop\\Prog\\Personal\\blustech-ecommerce\\server\\src\\module\\user\\error\\UserIdNotDefinedError.js": {"path":"C:\\Users\\mazzu\\Desktop\\Prog\\Personal\\blustech-ecommerce\\server\\src\\module\\user\\error\\UserIdNotDefinedError.js","statementMap":{"0":{"start":{"line":1,"column":0},"end":{"line":1,"column":61}}},"fnMap":{},"branchMap":{},"s":{"0":1},"f":{},"b":{},"_coverageSchema":"1a1c01bbd47fc00a2c39e90264f33305004495a9","hash":"eba2c98a7692a30575142d38d7e422e0191b96a0"}
,"C:\\Users\\mazzu\\Desktop\\Prog\\Personal\\blustech-ecommerce\\server\\src\\module\\user\\error\\UserNotDefinedError.js": {"path":"C:\\Users\\mazzu\\Desktop\\Prog\\Personal\\blustech-ecommerce\\server\\src\\module\\user\\error\\UserNotDefinedError.js","statementMap":{"0":{"start":{"line":1,"column":0},"end":{"line":1,"column":59}}},"fnMap":{},"branchMap":{},"s":{"0":2},"f":{},"b":{},"_coverageSchema":"1a1c01bbd47fc00a2c39e90264f33305004495a9","hash":"cf79090d4331db08730d499b779b698b9926d532"}
,"C:\\Users\\mazzu\\Desktop\\Prog\\Personal\\blustech-ecommerce\\server\\src\\module\\user\\error\\UserNotFoundError.js": {"path":"C:\\Users\\mazzu\\Desktop\\Prog\\Personal\\blustech-ecommerce\\server\\src\\module\\user\\error\\UserNotFoundError.js","statementMap":{"0":{"start":{"line":1,"column":0},"end":{"line":1,"column":57}}},"fnMap":{},"branchMap":{},"s":{"0":1},"f":{},"b":{},"_coverageSchema":"1a1c01bbd47fc00a2c39e90264f33305004495a9","hash":"92829d17558bacd6683784d9489a3a54bf0807d5"}
,"C:\\Users\\mazzu\\Desktop\\Prog\\Personal\\blustech-ecommerce\\server\\src\\module\\user\\error\\UserWrongCredentialsError.js": {"path":"C:\\Users\\mazzu\\Desktop\\Prog\\Personal\\blustech-ecommerce\\server\\src\\module\\user\\error\\UserWrongCredentialsError.js","statementMap":{"0":{"start":{"line":1,"column":0},"end":{"line":1,"column":65}}},"fnMap":{},"branchMap":{},"s":{"0":1},"f":{},"b":{},"_coverageSchema":"1a1c01bbd47fc00a2c39e90264f33305004495a9","hash":"b50bf03ce997f6978f1bcdcc1f60ab3da257fe99"}
,"C:\\Users\\mazzu\\Desktop\\Prog\\Personal\\blustech-ecommerce\\server\\src\\module\\user\\mappers\\userMapper.js": {"path":"C:\\Users\\mazzu\\Desktop\\Prog\\Personal\\blustech-ecommerce\\server\\src\\module\\user\\mappers\\userMapper.js","statementMap":{"0":{"start":{"line":1,"column":13},"end":{"line":1,"column":38}},"1":{"start":{"line":12,"column":2},"end":{"line":20,"column":4}},"2":{"start":{"line":31,"column":2},"end":{"line":39,"column":4}},"3":{"start":{"line":42,"column":0},"end":{"line":42,"column":57}}},"fnMap":{"0":{"name":"fromModelToEntity","decl":{"start":{"line":3,"column":9},"end":{"line":3,"column":26}},"loc":{"start":{"line":11,"column":3},"end":{"line":21,"column":1}},"line":11},"1":{"name":"fromFormToEntity","decl":{"start":{"line":23,"column":9},"end":{"line":23,"column":25}},"loc":{"start":{"line":30,"column":3},"end":{"line":40,"column":1}},"line":30}},"branchMap":{},"s":{"0":2,"1":7,"2":0,"3":2},"f":{"0":7,"1":0},"b":{},"_coverageSchema":"1a1c01bbd47fc00a2c39e90264f33305004495a9","hash":"bca2baa01e4f9f84c2068078478a77554e82a762"}
,"C:\\Users\\mazzu\\Desktop\\Prog\\Personal\\blustech-ecommerce\\server\\src\\module\\user\\model\\userModel.js": {"path":"C:\\Users\\mazzu\\Desktop\\Prog\\Personal\\blustech-ecommerce\\server\\src\\module\\user\\model\\userModel.js","statementMap":{"0":{"start":{"line":1,"column":29},"end":{"line":1,"column":49}},"1":{"start":{"line":6,"column":4},"end":{"line":39,"column":6}},"2":{"start":{"line":41,"column":4},"end":{"line":41,"column":16}},"3":{"start":{"line":45,"column":0},"end":{"line":45,"column":22}}},"fnMap":{"0":{"name":"(anonymous_0)","decl":{"start":{"line":5,"column":2},"end":{"line":5,"column":3}},"loc":{"start":{"line":5,"column":34},"end":{"line":42,"column":3}},"line":5}},"branchMap":{},"s":{"0":1,"1":8,"2":8,"3":1},"f":{"0":8},"b":{},"_coverageSchema":"1a1c01bbd47fc00a2c39e90264f33305004495a9","hash":"47d81d7297618681d179d81f20842617801d2eb7"}
,"C:\\Users\\mazzu\\Desktop\\Prog\\Personal\\blustech-ecommerce\\server\\src\\module\\user\\repository\\userRepository.js": {"path":"C:\\Users\\mazzu\\Desktop\\Prog\\Personal\\blustech-ecommerce\\server\\src\\module\\user\\repository\\userRepository.js","statementMap":{"0":{"start":{"line":1,"column":13},"end":{"line":1,"column":38}},"1":{"start":{"line":2,"column":26},"end":{"line":2,"column":63}},"2":{"start":{"line":3,"column":28},"end":{"line":3,"column":67}},"3":{"start":{"line":4,"column":30},"end":{"line":4,"column":71}},"4":{"start":{"line":5,"column":30},"end":{"line":5,"column":62}},"5":{"start":{"line":9,"column":4},"end":{"line":9,"column":30}},"6":{"start":{"line":13,"column":4},"end":{"line":15,"column":5}},"7":{"start":{"line":14,"column":6},"end":{"line":14,"column":38}},"8":{"start":{"line":17,"column":20},"end":{"line":19,"column":6}},"9":{"start":{"line":20,"column":4},"end":{"line":20,"column":25}},"10":{"start":{"line":22,"column":4},"end":{"line":22,"column":37}},"11":{"start":{"line":26,"column":4},"end":{"line":28,"column":5}},"12":{"start":{"line":27,"column":6},"end":{"line":27,"column":40}},"13":{"start":{"line":30,"column":17},"end":{"line":30,"column":50}},"14":{"start":{"line":31,"column":4},"end":{"line":33,"column":5}},"15":{"start":{"line":32,"column":6},"end":{"line":32,"column":70}},"16":{"start":{"line":35,"column":4},"end":{"line":35,"column":35}},"17":{"start":{"line":39,"column":17},"end":{"line":39,"column":72}},"18":{"start":{"line":44,"column":4},"end":{"line":46,"column":5}},"19":{"start":{"line":45,"column":6},"end":{"line":45,"column":18}},"20":{"start":{"line":48,"column":4},"end":{"line":48,"column":35}},"21":{"start":{"line":52,"column":0},"end":{"line":52,"column":32}}},"fnMap":{"0":{"name":"(anonymous_0)","decl":{"start":{"line":8,"column":2},"end":{"line":8,"column":3}},"loc":{"start":{"line":8,"column":29},"end":{"line":10,"column":3}},"line":8},"1":{"name":"(anonymous_1)","decl":{"start":{"line":12,"column":2},"end":{"line":12,"column":3}},"loc":{"start":{"line":12,"column":19},"end":{"line":23,"column":3}},"line":12},"2":{"name":"(anonymous_2)","decl":{"start":{"line":25,"column":2},"end":{"line":25,"column":3}},"loc":{"start":{"line":25,"column":20},"end":{"line":36,"column":3}},"line":25},"3":{"name":"(anonymous_3)","decl":{"start":{"line":38,"column":2},"end":{"line":38,"column":3}},"loc":{"start":{"line":38,"column":26},"end":{"line":49,"column":3}},"line":38}},"branchMap":{"0":{"loc":{"start":{"line":13,"column":4},"end":{"line":15,"column":5}},"type":"if","locations":[{"start":{"line":13,"column":4},"end":{"line":15,"column":5}},{"start":{"line":13,"column":4},"end":{"line":15,"column":5}}],"line":13},"1":{"loc":{"start":{"line":26,"column":4},"end":{"line":28,"column":5}},"type":"if","locations":[{"start":{"line":26,"column":4},"end":{"line":28,"column":5}},{"start":{"line":26,"column":4},"end":{"line":28,"column":5}}],"line":26},"2":{"loc":{"start":{"line":31,"column":4},"end":{"line":33,"column":5}},"type":"if","locations":[{"start":{"line":31,"column":4},"end":{"line":33,"column":5}},{"start":{"line":31,"column":4},"end":{"line":33,"column":5}}],"line":31},"3":{"loc":{"start":{"line":44,"column":4},"end":{"line":46,"column":5}},"type":"if","locations":[{"start":{"line":44,"column":4},"end":{"line":46,"column":5}},{"start":{"line":44,"column":4},"end":{"line":46,"column":5}}],"line":44}},"s":{"0":1,"1":1,"2":1,"3":1,"4":1,"5":8,"6":6,"7":1,"8":5,"9":5,"10":5,"11":3,"12":1,"13":2,"14":2,"15":1,"16":1,"17":2,"18":2,"19":1,"20":1,"21":1},"f":{"0":8,"1":6,"2":3,"3":2},"b":{"0":[1,5],"1":[1,2],"2":[1,1],"3":[1,1]},"_coverageSchema":"1a1c01bbd47fc00a2c39e90264f33305004495a9","hash":"53a48f549da60130935ac73201135fb40d6177d1"}
,"C:\\Users\\mazzu\\Desktop\\Prog\\Personal\\blustech-ecommerce\\server\\src\\module\\user\\service\\userService.js": {"path":"C:\\Users\\mazzu\\Desktop\\Prog\\Personal\\blustech-ecommerce\\server\\src\\module\\user\\service\\userService.js","statementMap":{"0":{"start":{"line":1,"column":13},"end":{"line":1,"column":38}},"1":{"start":{"line":2,"column":28},"end":{"line":2,"column":67}},"2":{"start":{"line":3,"column":34},"end":{"line":3,"column":79}},"3":{"start":{"line":4,"column":31},"end":{"line":4,"column":73}},"4":{"start":{"line":6,"column":15},"end":{"line":6,"column":32}},"5":{"start":{"line":10,"column":4},"end":{"line":10,"column":41}},"6":{"start":{"line":14,"column":17},"end":{"line":14,"column":41}},"7":{"start":{"line":15,"column":17},"end":{"line":15,"column":50}},"8":{"start":{"line":16,"column":4},"end":{"line":16,"column":16}},"9":{"start":{"line":20,"column":19},"end":{"line":20,"column":55}},"10":{"start":{"line":21,"column":4},"end":{"line":23,"column":5}},"11":{"start":{"line":22,"column":6},"end":{"line":22,"column":44}},"12":{"start":{"line":24,"column":4},"end":{"line":24,"column":18}},"13":{"start":{"line":28,"column":4},"end":{"line":30,"column":5}},"14":{"start":{"line":29,"column":6},"end":{"line":29,"column":38}},"15":{"start":{"line":32,"column":4},"end":{"line":32,"column":42}},"16":{"start":{"line":36,"column":4},"end":{"line":36,"column":49}},"17":{"start":{"line":40,"column":4},"end":{"line":42,"column":5}},"18":{"start":{"line":41,"column":6},"end":{"line":41,"column":38}},"19":{"start":{"line":45,"column":23},"end":{"line":45,"column":56}},"20":{"start":{"line":46,"column":4},"end":{"line":48,"column":5}},"21":{"start":{"line":47,"column":6},"end":{"line":47,"column":75}},"22":{"start":{"line":51,"column":4},"end":{"line":51,"column":58}},"23":{"start":{"line":53,"column":4},"end":{"line":53,"column":42}},"24":{"start":{"line":57,"column":0},"end":{"line":57,"column":28}}},"fnMap":{"0":{"name":"(anonymous_0)","decl":{"start":{"line":9,"column":2},"end":{"line":9,"column":3}},"loc":{"start":{"line":9,"column":34},"end":{"line":11,"column":3}},"line":9},"1":{"name":"(anonymous_1)","decl":{"start":{"line":13,"column":2},"end":{"line":13,"column":3}},"loc":{"start":{"line":13,"column":30},"end":{"line":17,"column":3}},"line":13},"2":{"name":"(anonymous_2)","decl":{"start":{"line":19,"column":2},"end":{"line":19,"column":3}},"loc":{"start":{"line":19,"column":41},"end":{"line":25,"column":3}},"line":19},"3":{"name":"(anonymous_3)","decl":{"start":{"line":27,"column":2},"end":{"line":27,"column":3}},"loc":{"start":{"line":27,"column":19},"end":{"line":33,"column":3}},"line":27},"4":{"name":"(anonymous_4)","decl":{"start":{"line":35,"column":2},"end":{"line":35,"column":3}},"loc":{"start":{"line":35,"column":26},"end":{"line":37,"column":3}},"line":35},"5":{"name":"(anonymous_5)","decl":{"start":{"line":39,"column":2},"end":{"line":39,"column":3}},"loc":{"start":{"line":39,"column":23},"end":{"line":54,"column":3}},"line":39}},"branchMap":{"0":{"loc":{"start":{"line":21,"column":4},"end":{"line":23,"column":5}},"type":"if","locations":[{"start":{"line":21,"column":4},"end":{"line":23,"column":5}},{"start":{"line":21,"column":4},"end":{"line":23,"column":5}}],"line":21},"1":{"loc":{"start":{"line":28,"column":4},"end":{"line":30,"column":5}},"type":"if","locations":[{"start":{"line":28,"column":4},"end":{"line":30,"column":5}},{"start":{"line":28,"column":4},"end":{"line":30,"column":5}}],"line":28},"2":{"loc":{"start":{"line":40,"column":4},"end":{"line":42,"column":5}},"type":"if","locations":[{"start":{"line":40,"column":4},"end":{"line":42,"column":5}},{"start":{"line":40,"column":4},"end":{"line":42,"column":5}}],"line":40},"3":{"loc":{"start":{"line":46,"column":4},"end":{"line":48,"column":5}},"type":"if","locations":[{"start":{"line":46,"column":4},"end":{"line":48,"column":5}},{"start":{"line":46,"column":4},"end":{"line":48,"column":5}}],"line":46}},"s":{"0":1,"1":1,"2":1,"3":1,"4":1,"5":1,"6":0,"7":0,"8":0,"9":0,"10":0,"11":0,"12":0,"13":2,"14":1,"15":1,"16":1,"17":2,"18":0,"19":2,"20":2,"21":1,"22":1,"23":1,"24":1},"f":{"0":1,"1":0,"2":0,"3":2,"4":1,"5":2},"b":{"0":[0,0],"1":[1,1],"2":[0,2],"3":[1,1]},"_coverageSchema":"1a1c01bbd47fc00a2c39e90264f33305004495a9","hash":"169b0054406ff1358300da3e2926d46864c6729b"}
,"C:\\Users\\mazzu\\Desktop\\Prog\\Personal\\blustech-ecommerce\\server\\src\\utils\\genJWT.js": {"path":"C:\\Users\\mazzu\\Desktop\\Prog\\Personal\\blustech-ecommerce\\server\\src\\utils\\genJWT.js","statementMap":{"0":{"start":{"line":1,"column":21},"end":{"line":1,"column":44}},"1":{"start":{"line":4,"column":18},"end":{"line":7,"column":3}},"2":{"start":{"line":9,"column":22},"end":{"line":11,"column":4}},"3":{"start":{"line":13,"column":2},"end":{"line":13,"column":21}},"4":{"start":{"line":16,"column":0},"end":{"line":16,"column":24}}},"fnMap":{"0":{"name":"genJWT","decl":{"start":{"line":3,"column":9},"end":{"line":3,"column":15}},"loc":{"start":{"line":3,"column":24},"end":{"line":14,"column":1}},"line":3}},"branchMap":{},"s":{"0":1,"1":2,"2":2,"3":2,"4":1},"f":{"0":2},"b":{},"_coverageSchema":"1a1c01bbd47fc00a2c39e90264f33305004495a9","hash":"b27c3823154875eb15eb152327d492a824832682"}
,"C:\\Users\\mazzu\\Desktop\\Prog\\Personal\\blustech-ecommerce\\server\\src\\utils\\validationFileHandler.js": {"path":"C:\\Users\\mazzu\\Desktop\\Prog\\Personal\\blustech-ecommerce\\server\\src\\utils\\validationFileHandler.js","statementMap":{"0":{"start":{"line":1,"column":29},"end":{"line":1,"column":57}},"1":{"start":{"line":2,"column":11},"end":{"line":2,"column":24}},"2":{"start":{"line":5,"column":2},"end":{"line":9,"column":3}},"3":{"start":{"line":6,"column":4},"end":{"line":6,"column":24}},"4":{"start":{"line":8,"column":4},"end":{"line":8,"column":18}},"5":{"start":{"line":12,"column":26},"end":{"line":27,"column":1}},"6":{"start":{"line":13,"column":16},"end":{"line":13,"column":37}},"7":{"start":{"line":15,"column":2},"end":{"line":17,"column":3}},"8":{"start":{"line":16,"column":4},"end":{"line":16,"column":18}},"9":{"start":{"line":19,"column":2},"end":{"line":22,"column":3}},"10":{"start":{"line":20,"column":4},"end":{"line":20,"column":54}},"11":{"start":{"line":21,"column":4},"end":{"line":21,"column":29}},"12":{"start":{"line":24,"column":2},"end":{"line":26,"column":4}},"13":{"start":{"line":29,"column":0},"end":{"line":29,"column":35}}},"fnMap":{"0":{"name":"deleteFile","decl":{"start":{"line":4,"column":9},"end":{"line":4,"column":19}},"loc":{"start":{"line":4,"column":26},"end":{"line":10,"column":1}},"line":4},"1":{"name":"(anonymous_1)","decl":{"start":{"line":12,"column":26},"end":{"line":12,"column":27}},"loc":{"start":{"line":12,"column":46},"end":{"line":27,"column":1}},"line":12}},"branchMap":{"0":{"loc":{"start":{"line":15,"column":2},"end":{"line":17,"column":3}},"type":"if","locations":[{"start":{"line":15,"column":2},"end":{"line":17,"column":3}},{"start":{"line":15,"column":2},"end":{"line":17,"column":3}}],"line":15},"1":{"loc":{"start":{"line":19,"column":2},"end":{"line":22,"column":3}},"type":"if","locations":[{"start":{"line":19,"column":2},"end":{"line":22,"column":3}},{"start":{"line":19,"column":2},"end":{"line":22,"column":3}}],"line":19}},"s":{"0":1,"1":1,"2":0,"3":0,"4":0,"5":1,"6":0,"7":0,"8":0,"9":0,"10":0,"11":0,"12":0,"13":1},"f":{"0":0,"1":0},"b":{"0":[0,0],"1":[0,0]},"_coverageSchema":"1a1c01bbd47fc00a2c39e90264f33305004495a9","hash":"a3ac1160ec9c00db7118e2e8e223ba91c94dcf67"}
}
