TN:
SF:src\module\brand\controller\__test__\brandFixture.js
FN:3,createBrandTest
FNF:1
FNH:1
FNDA:17,createBrandTest
DA:1,3
DA:3,3
DA:4,17
LF:3
LH:3
BRF:0
BRH:0
end_of_record
TN:
SF:src\module\brand\entity\Brand.js
FN:2,(anonymous_0)
FNF:1
FNH:1
FNDA:34,(anonymous_0)
DA:8,34
DA:9,34
DA:10,34
DA:11,34
DA:15,3
LF:5
LH:5
BRF:0
BRH:0
end_of_record
TN:
SF:src\module\brand\error\BrandIdNotDefined.js
FNF:0
FNH:0
DA:1,2
LF:1
LH:1
BRF:0
BRH:0
end_of_record
TN:
SF:src\module\brand\error\BrandNotDefinedError.js
FNF:0
FNH:0
DA:1,2
LF:1
LH:1
BRF:0
BRH:0
end_of_record
TN:
SF:src\module\brand\error\BrandNotFoundError.js
FNF:0
FNH:0
DA:1,1
LF:1
LH:1
BRF:0
BRH:0
end_of_record
TN:
SF:src\module\brand\mapper\brandMapper.js
FN:3,fromModelToEntity
FN:17,fromFormToEntity
FNF:2
FNH:1
FNDA:17,fromModelToEntity
FNDA:0,fromFormToEntity
DA:1,1
DA:9,17
DA:23,0
DA:31,1
LF:4
LH:3
BRF:0
BRH:0
end_of_record
TN:
SF:src\module\brand\model\brandModel.js
FN:4,(anonymous_0)
FNF:1
FNH:1
FNDA:19,(anonymous_0)
DA:1,2
DA:5,19
DA:26,19
DA:30,2
LF:4
LH:4
BRF:0
BRH:0
end_of_record
TN:
SF:src\module\brand\repository\brandRepository.js
FN:8,(anonymous_0)
FN:12,(anonymous_1)
FN:14,(anonymous_2)
FN:17,(anonymous_3)
FN:28,(anonymous_4)
FN:41,(anonymous_5)
FNF:6
FNH:6
FNDA:10,(anonymous_0)
FNDA:2,(anonymous_1)
FNDA:5,(anonymous_2)
FNDA:11,(anonymous_3)
FNDA:4,(anonymous_4)
FNDA:3,(anonymous_5)
DA:1,1
DA:2,1
DA:3,1
DA:4,1
DA:5,1
DA:9,10
DA:13,2
DA:14,5
DA:18,11
DA:19,1
DA:21,10
DA:24,10
DA:25,10
DA:29,4
DA:30,1
DA:33,3
DA:34,3
DA:35,1
DA:38,2
DA:42,3
DA:43,1
DA:46,2
DA:52,1
LF:23
LH:23
BRDA:18,0,0,1
BRDA:18,0,1,10
BRDA:29,1,0,1
BRDA:29,1,1,3
BRDA:34,2,0,1
BRDA:34,2,1,2
BRDA:42,3,0,1
BRDA:42,3,1,2
BRF:8
BRH:8
end_of_record
TN:
SF:src\module\brand\service\brandService.js
FN:6,(anonymous_0)
FN:10,(anonymous_1)
FN:14,(anonymous_2)
FN:22,(anonymous_3)
FN:30,(anonymous_4)
FNF:5
FNH:5
FNDA:1,(anonymous_0)
FNDA:1,(anonymous_1)
FNDA:2,(anonymous_2)
FNDA:2,(anonymous_3)
FNDA:2,(anonymous_4)
DA:1,1
DA:2,1
DA:3,1
DA:7,1
DA:11,1
DA:15,2
DA:16,1
DA:19,1
DA:23,2
DA:24,1
DA:27,1
DA:31,2
DA:32,1
DA:35,1
DA:39,1
LF:15
LH:15
BRDA:15,0,0,1
BRDA:15,0,1,1
BRDA:23,1,0,1
BRDA:23,1,1,1
BRDA:31,2,0,1
BRDA:31,2,1,1
BRF:6
BRH:6
end_of_record
TN:
SF:src\module\category\controller\__test__\categoryFixture.js
FN:3,createCategoryTest
FNF:1
FNH:1
FNDA:17,createCategoryTest
DA:1,3
DA:3,3
DA:4,17
LF:3
LH:3
BRF:0
BRH:0
end_of_record
TN:
SF:src\module\category\entity\Category.js
FN:2,(anonymous_0)
FNF:1
FNH:1
FNDA:34,(anonymous_0)
DA:8,34
DA:9,34
DA:10,34
DA:11,34
DA:15,3
LF:5
LH:5
BRF:0
BRH:0
end_of_record
TN:
SF:src\module\category\error\CategoryIdNotDefined.js
FNF:0
FNH:0
DA:1,2
LF:1
LH:1
BRF:0
BRH:0
end_of_record
TN:
SF:src\module\category\error\CategoryNotDefinedError.js
FNF:0
FNH:0
DA:1,2
LF:1
LH:1
BRF:0
BRH:0
end_of_record
TN:
SF:src\module\category\error\CategoryNotFoundError.js
FNF:0
FNH:0
DA:1,1
LF:1
LH:1
BRF:0
BRH:0
end_of_record
TN:
SF:src\module\category\mapper\categoryMapper.js
FN:3,fromModelToEntity
FN:17,fromFormToEntity
FNF:2
FNH:1
FNDA:17,fromModelToEntity
FNDA:0,fromFormToEntity
DA:1,1
DA:9,17
DA:23,0
DA:31,1
LF:4
LH:3
BRF:0
BRH:0
end_of_record
TN:
SF:src\module\category\models\categoryModel.js
FN:4,(anonymous_0)
FNF:1
FNH:1
FNDA:19,(anonymous_0)
DA:1,2
DA:5,19
DA:26,19
DA:30,2
LF:4
LH:4
BRF:0
BRH:0
end_of_record
TN:
SF:src\module\category\repository\categoryRepository.js
FN:8,(anonymous_0)
FN:12,(anonymous_1)
FN:25,(anonymous_2)
FN:28,(anonymous_3)
FN:31,(anonymous_4)
FN:45,(anonymous_5)
FNF:6
FNH:6
FNDA:10,(anonymous_0)
FNDA:11,(anonymous_1)
FNDA:2,(anonymous_2)
FNDA:5,(anonymous_3)
FNDA:4,(anonymous_4)
FNDA:3,(anonymous_5)
DA:1,1
DA:2,1
DA:3,1
DA:4,1
DA:5,1
DA:9,10
DA:13,11
DA:14,1
DA:17,10
DA:20,10
DA:22,10
DA:26,2
DA:28,5
DA:32,4
DA:33,1
DA:36,3
DA:37,3
DA:38,1
DA:41,2
DA:46,3
DA:47,1
DA:50,2
DA:54,1
LF:23
LH:23
BRDA:13,0,0,1
BRDA:13,0,1,10
BRDA:32,1,0,1
BRDA:32,1,1,3
BRDA:37,2,0,1
BRDA:37,2,1,2
BRDA:46,3,0,1
BRDA:46,3,1,2
BRF:8
BRH:8
end_of_record
TN:
SF:src\module\category\service\categoryService.js
FN:6,(anonymous_0)
FN:10,(anonymous_1)
FN:14,(anonymous_2)
FN:22,(anonymous_3)
FN:30,(anonymous_4)
FNF:5
FNH:5
FNDA:1,(anonymous_0)
FNDA:1,(anonymous_1)
FNDA:2,(anonymous_2)
FNDA:2,(anonymous_3)
FNDA:2,(anonymous_4)
DA:1,1
DA:2,1
DA:3,1
DA:7,1
DA:11,1
DA:15,2
DA:16,1
DA:19,1
DA:23,2
DA:24,1
DA:27,1
DA:31,2
DA:32,1
DA:35,1
DA:39,1
LF:15
LH:15
BRDA:15,0,0,1
BRDA:15,0,1,1
BRDA:23,1,0,1
BRDA:23,1,1,1
BRDA:31,2,0,1
BRDA:31,2,1,1
BRF:6
BRH:6
end_of_record
TN:
SF:src\module\product\module.js
FN:7,initProductModule
FNF:1
FNH:1
FNDA:1,initProductModule
DA:1,1
DA:2,1
DA:3,1
DA:4,1
DA:5,1
DA:8,1
DA:9,1
DA:10,1
DA:13,1
LF:9
LH:9
BRF:0
BRH:0
end_of_record
TN:
SF:src\module\product\controller\productController.js
FN:4,(anonymous_0)
FN:8,(anonymous_1)
FN:13,(anonymous_2)
FN:22,(anonymous_3)
FN:29,(anonymous_4)
FNF:5
FNH:0
FNDA:0,(anonymous_0)
FNDA:0,(anonymous_1)
FNDA:0,(anonymous_2)
FNDA:0,(anonymous_3)
FNDA:0,(anonymous_4)
DA:1,1
DA:3,1
DA:5,0
DA:9,0
DA:10,0
DA:14,0
DA:15,0
DA:16,0
DA:18,0
DA:23,0
DA:24,0
DA:26,0
DA:30,0
DA:31,0
DA:32,0
DA:33,0
DA:34,0
DA:36,0
LF:18
LH:2
BRF:0
BRH:0
end_of_record
TN:
SF:src\module\product\controller\__test__\product.fixture.js
FN:3,createTestProduct
FNF:1
FNH:1
FNDA:5,createTestProduct
DA:1,1
DA:3,1
DA:4,5
LF:3
LH:3
BRF:0
BRH:0
end_of_record
TN:
SF:src\module\product\entity\Product.js
FN:3,(anonymous_0)
FNF:1
FNH:1
FNDA:17,(anonymous_0)
DA:2,2
DA:19,17
DA:20,17
DA:21,17
DA:22,17
DA:23,17
DA:24,17
DA:25,17
DA:26,17
DA:27,17
DA:28,17
DA:29,17
DA:30,17
LF:13
LH:13
BRF:0
BRH:0
end_of_record
TN:
SF:src\module\product\error\ProductIdNotDefinedError.js
FNF:0
FNH:0
DA:1,2
LF:1
LH:1
BRF:0
BRH:0
end_of_record
TN:
SF:src\module\product\error\ProductNotDefinedError.js
FNF:0
FNH:0
DA:1,2
LF:1
LH:1
BRF:0
BRH:0
end_of_record
TN:
SF:src\module\product\error\ProductNotFoundError.js
FNF:0
FNH:0
DA:1,2
LF:1
LH:1
BRF:0
BRH:0
end_of_record
TN:
SF:src\module\product\mapper\productMapper.js
FN:4,fromModelToEntity
FN:36,fromFromToEntity
FNF:2
FNH:1
FNDA:12,fromModelToEntity
FNDA:0,fromFromToEntity
DA:2,2
DA:18,12
DA:46,0
DA:60,2
LF:4
LH:3
BRF:0
BRH:0
end_of_record
TN:
SF:src\module\product\model\productModel.js
FN:5,(anonymous_0)
FN:54,(anonymous_1)
FNF:2
FNH:2
FNDA:9,(anonymous_0)
FNDA:9,(anonymous_1)
DA:1,2
DA:6,9
DA:51,9
DA:55,9
DA:59,9
DA:61,9
DA:65,9
DA:67,9
DA:83,2
LF:9
LH:9
BRF:0
BRH:0
end_of_record
TN:
SF:src\module\product\repository\productRepository.js
FN:8,(anonymous_0)
FN:14,(anonymous_1)
FN:22,(anonymous_2)
FN:25,(anonymous_3)
FN:43,(anonymous_4)
FN:56,(anonymous_5)
FNF:6
FNH:6
FNDA:9,(anonymous_0)
FNDA:1,(anonymous_1)
FNDA:2,(anonymous_2)
FNDA:4,(anonymous_3)
FNDA:9,(anonymous_4)
FNDA:3,(anonymous_5)
DA:1,2
DA:2,2
DA:3,2
DA:4,2
DA:5,2
DA:9,9
DA:10,9
DA:11,9
DA:15,1
DA:22,2
DA:26,4
DA:27,1
DA:30,3
DA:36,3
DA:37,1
DA:40,2
DA:44,9
DA:45,1
DA:48,8
DA:51,8
DA:53,8
DA:57,3
DA:58,1
DA:61,2
DA:65,2
LF:25
LH:25
BRDA:26,0,0,1
BRDA:26,0,1,3
BRDA:36,1,0,1
BRDA:36,1,1,2
BRDA:44,2,0,1
BRDA:44,2,1,8
BRDA:57,3,0,1
BRDA:57,3,1,2
BRF:8
BRH:8
end_of_record
TN:
SF:src\module\product\route\productRoute.js
FN:5,configureRouter
FNF:1
FNH:0
FNDA:0,configureRouter
DA:1,1
DA:3,1
DA:6,0
DA:7,0
DA:8,0
DA:9,0
DA:11,0
DA:14,1
LF:8
LH:3
BRF:0
BRH:0
end_of_record
TN:
SF:src\module\product\service\productService.js
FN:5,(anonymous_0)
FN:9,(anonymous_1)
FN:13,(anonymous_2)
FN:17,(anonymous_3)
FN:24,(anonymous_4)
FNF:5
FNH:0
FNDA:0,(anonymous_0)
FNDA:0,(anonymous_1)
FNDA:0,(anonymous_2)
FNDA:0,(anonymous_3)
FNDA:0,(anonymous_4)
DA:1,1
DA:2,1
DA:6,0
DA:10,0
DA:14,0
DA:18,0
DA:19,0
DA:21,0
DA:25,0
DA:26,0
DA:29,0
DA:33,1
LF:12
LH:3
BRDA:18,0,0,0
BRDA:18,0,1,0
BRDA:25,1,0,0
BRDA:25,1,1,0
BRF:4
BRH:0
end_of_record
TN:
SF:src\module\user\controller\userController.js
FN:6,(anonymous_0)
FN:10,(anonymous_1)
FN:15,(anonymous_2)
FN:34,(anonymous_3)
FN:46,(anonymous_4)
FNF:5
FNH:2
FNDA:1,(anonymous_0)
FNDA:0,(anonymous_1)
FNDA:2,(anonymous_2)
FNDA:0,(anonymous_3)
FNDA:0,(anonymous_4)
DA:1,1
DA:2,1
DA:3,1
DA:7,1
DA:11,0
DA:12,0
DA:17,2
DA:18,2
DA:19,0
DA:22,2
DA:23,2
DA:24,2
DA:26,2
DA:28,2
DA:30,0
DA:35,0
DA:36,0
DA:37,0
DA:39,0
DA:42,0
DA:47,0
DA:51,1
LF:22
LH:12
BRDA:18,0,0,0
BRDA:18,0,1,2
BRF:2
BRH:1
end_of_record
TN:
SF:src\module\user\controller\__test__\userFixture.js
FN:3,createTestUser
FNF:1
FNH:1
FNDA:7,createTestUser
DA:1,2
DA:3,2
DA:4,7
LF:3
LH:3
BRF:0
BRH:0
end_of_record
TN:
SF:src\module\user\entity\User.js
FN:2,(anonymous_0)
FNF:1
FNH:1
FNDA:14,(anonymous_0)
DA:11,14
DA:12,14
DA:13,14
DA:14,14
DA:15,14
DA:16,14
DA:17,14
DA:21,3
LF:8
LH:8
BRF:0
BRH:0
end_of_record
TN:
SF:src\module\user\error\UserAlreadyExistsError.js
FNF:0
FNH:0
DA:1,1
LF:1
LH:1
BRF:0
BRH:0
end_of_record
TN:
SF:src\module\user\error\UserIdNotDefinedError.js
FNF:0
FNH:0
DA:1,1
LF:1
LH:1
BRF:0
BRH:0
end_of_record
TN:
SF:src\module\user\error\UserNotDefinedError.js
FNF:0
FNH:0
DA:1,2
LF:1
LH:1
BRF:0
BRH:0
end_of_record
TN:
SF:src\module\user\error\UserNotFoundError.js
FNF:0
FNH:0
DA:1,1
LF:1
LH:1
BRF:0
BRH:0
end_of_record
TN:
SF:src\module\user\error\UserWrongCredentialsError.js
FNF:0
FNH:0
DA:1,1
LF:1
LH:1
BRF:0
BRH:0
end_of_record
TN:
SF:src\module\user\mappers\userMapper.js
FN:3,fromModelToEntity
FN:23,fromFormToEntity
FNF:2
FNH:1
FNDA:7,fromModelToEntity
FNDA:0,fromFormToEntity
DA:1,2
DA:12,7
DA:31,0
DA:42,2
LF:4
LH:3
BRF:0
BRH:0
end_of_record
TN:
SF:src\module\user\model\userModel.js
FN:5,(anonymous_0)
FNF:1
FNH:1
FNDA:8,(anonymous_0)
DA:1,1
DA:6,8
DA:41,8
DA:45,1
LF:4
LH:4
BRF:0
BRH:0
end_of_record
TN:
SF:src\module\user\repository\userRepository.js
FN:8,(anonymous_0)
FN:12,(anonymous_1)
FN:25,(anonymous_2)
FN:38,(anonymous_3)
FNF:4
FNH:4
FNDA:8,(anonymous_0)
FNDA:6,(anonymous_1)
FNDA:3,(anonymous_2)
FNDA:2,(anonymous_3)
DA:1,1
DA:2,1
DA:3,1
DA:4,1
DA:5,1
DA:9,8
DA:13,6
DA:14,1
DA:17,5
DA:20,5
DA:22,5
DA:26,3
DA:27,1
DA:30,2
DA:31,2
DA:32,1
DA:35,1
DA:39,2
DA:44,2
DA:45,1
DA:48,1
DA:52,1
LF:22
LH:22
BRDA:13,0,0,1
BRDA:13,0,1,5
BRDA:26,1,0,1
BRDA:26,1,1,2
BRDA:31,2,0,1
BRDA:31,2,1,1
BRDA:44,3,0,1
BRDA:44,3,1,1
BRF:8
BRH:8
end_of_record
TN:
SF:src\module\user\service\userService.js
FN:9,(anonymous_0)
FN:13,(anonymous_1)
FN:19,(anonymous_2)
FN:27,(anonymous_3)
FN:35,(anonymous_4)
FN:39,(anonymous_5)
FNF:6
FNH:4
FNDA:1,(anonymous_0)
FNDA:0,(anonymous_1)
FNDA:0,(anonymous_2)
FNDA:2,(anonymous_3)
FNDA:1,(anonymous_4)
FNDA:2,(anonymous_5)
DA:1,1
DA:2,1
DA:3,1
DA:4,1
DA:6,1
DA:10,1
DA:14,0
DA:15,0
DA:16,0
DA:20,0
DA:21,0
DA:22,0
DA:24,0
DA:28,2
DA:29,1
DA:32,1
DA:36,1
DA:40,2
DA:41,0
DA:45,2
DA:46,2
DA:47,1
DA:51,1
DA:53,1
DA:57,1
LF:25
LH:17
BRDA:21,0,0,0
BRDA:21,0,1,0
BRDA:28,1,0,1
BRDA:28,1,1,1
BRDA:40,2,0,0
BRDA:40,2,1,2
BRDA:46,3,0,1
BRDA:46,3,1,1
BRF:8
BRH:5
end_of_record
TN:
SF:src\utils\genJWT.js
FN:3,genJWT
FNF:1
FNH:1
FNDA:2,genJWT
DA:1,1
DA:4,2
DA:9,2
DA:13,2
DA:16,1
LF:5
LH:5
BRF:0
BRH:0
end_of_record
