TN:
SF:src\middleware\checkAdmin.js
FN:1,checkAdmin
FNF:1
FNH:0
FNDA:0,checkAdmin
DA:2,0
DA:3,0
DA:5,0
DA:9,1
LF:4
LH:1
BRDA:2,0,0,0
BRDA:2,0,1,0
BRF:2
BRH:0
end_of_record
TN:
SF:src\module\brand\controller\brandController.js
FN:4,(anonymous_0)
FN:8,(anonymous_1)
FN:28,(anonymous_2)
FN:38,(anonymous_3)
FN:49,(anonymous_4)
FN:58,(anonymous_5)
FNF:6
FNH:6
FNDA:1,(anonymous_0)
FNDA:1,(anonymous_1)
FNDA:1,(anonymous_2)
FNDA:1,(anonymous_3)
FNDA:1,(anonymous_4)
FNDA:1,(anonymous_5)
DA:1,1
DA:5,1
DA:9,1
DA:10,1
DA:11,1
DA:12,1
DA:15,1
DA:16,1
DA:19,1
DA:21,1
DA:22,1
DA:24,0
DA:29,1
DA:30,1
DA:31,1
DA:32,1
DA:34,0
DA:39,1
DA:40,1
DA:41,1
DA:42,1
DA:43,1
DA:45,0
DA:50,1
DA:51,1
DA:52,1
DA:54,0
DA:59,1
DA:60,1
DA:61,1
DA:62,1
DA:64,0
DA:69,1
LF:33
LH:28
BRDA:11,0,0,1
BRDA:11,0,1,0
BRDA:11,1,0,1
BRDA:11,1,1,0
BRDA:15,2,0,1
BRDA:15,2,1,0
BRDA:15,3,0,1
BRDA:15,3,1,0
BRF:8
BRH:4
end_of_record
TN:
SF:src\module\brand\controller\__test__\brandFixture.js
FN:3,createBrandTest
FNF:1
FNH:1
FNDA:25,createBrandTest
DA:1,4
DA:3,4
DA:4,25
LF:3
LH:3
BRF:0
BRH:0
end_of_record
TN:
SF:src\module\brand\entity\Brand.js
FN:2,(anonymous_0)
FNF:1
FNH:1
FNDA:44,(anonymous_0)
DA:8,44
DA:9,44
DA:10,44
DA:11,44
DA:15,4
LF:5
LH:5
BRF:0
BRH:0
end_of_record
TN:
SF:src\module\brand\error\BrandIdNotDefined.js
FNF:0
FNH:0
DA:1,3
LF:1
LH:1
BRF:0
BRH:0
end_of_record
TN:
SF:src\module\brand\error\BrandNotDefinedError.js
FNF:0
FNH:0
DA:1,2
LF:1
LH:1
BRF:0
BRH:0
end_of_record
TN:
SF:src\module\brand\error\BrandNotFoundError.js
FNF:0
FNH:0
DA:1,1
LF:1
LH:1
BRF:0
BRH:0
end_of_record
TN:
SF:src\module\brand\mapper\brandMapper.js
FN:3,fromModelToEntity
FN:17,fromFormToEntity
FNF:2
FNH:2
FNDA:17,fromModelToEntity
FNDA:2,fromFormToEntity
DA:1,2
DA:9,17
DA:23,2
DA:31,2
LF:4
LH:4
BRF:0
BRH:0
end_of_record
TN:
SF:src\module\brand\model\brandModel.js
FN:4,(anonymous_0)
FNF:1
FNH:1
FNDA:20,(anonymous_0)
DA:1,2
DA:5,20
DA:26,20
DA:30,2
LF:4
LH:4
BRF:0
BRH:0
end_of_record
TN:
SF:src\module\brand\repository\brandRepository.js
FN:9,(anonymous_0)
FN:13,(anonymous_1)
FN:29,(anonymous_2)
FN:35,(anonymous_3)
FN:46,(anonymous_4)
FN:59,(anonymous_5)
FNF:6
FNH:6
FNDA:10,(anonymous_0)
FNDA:2,(anonymous_1)
FNDA:4,(anonymous_2)
FNDA:12,(anonymous_3)
FNDA:4,(anonymous_4)
FNDA:3,(anonymous_5)
DA:1,1
DA:2,1
DA:3,1
DA:4,1
DA:5,1
DA:6,1
DA:10,10
DA:14,2
DA:16,2
DA:18,0
DA:21,2
DA:27,2
DA:29,4
DA:32,2
DA:36,12
DA:37,1
DA:39,11
DA:42,11
DA:43,11
DA:47,4
DA:48,1
DA:51,3
DA:52,3
DA:53,1
DA:56,2
DA:60,3
DA:61,1
DA:64,2
DA:70,1
LF:29
LH:28
BRDA:13,0,0,1
BRDA:13,1,0,1
BRDA:16,2,0,0
BRDA:16,2,1,2
BRDA:36,3,0,1
BRDA:36,3,1,11
BRDA:47,4,0,1
BRDA:47,4,1,3
BRDA:52,5,0,1
BRDA:52,5,1,2
BRDA:60,6,0,1
BRDA:60,6,1,2
BRF:12
BRH:11
end_of_record
TN:
SF:src\module\brand\service\brandService.js
FN:6,(anonymous_0)
FN:10,(anonymous_1)
FN:14,(anonymous_2)
FN:22,(anonymous_3)
FN:30,(anonymous_4)
FNF:5
FNH:5
FNDA:1,(anonymous_0)
FNDA:1,(anonymous_1)
FNDA:2,(anonymous_2)
FNDA:2,(anonymous_3)
FNDA:2,(anonymous_4)
DA:1,1
DA:2,1
DA:3,1
DA:7,1
DA:11,1
DA:15,2
DA:16,1
DA:19,1
DA:23,2
DA:24,1
DA:27,1
DA:31,2
DA:32,1
DA:35,1
DA:39,1
LF:15
LH:15
BRDA:15,0,0,1
BRDA:15,0,1,1
BRDA:23,1,0,1
BRDA:23,1,1,1
BRDA:31,2,0,1
BRDA:31,2,1,1
BRF:6
BRH:6
end_of_record
TN:
SF:src\module\category\controller\__test__\categoryFixture.js
FN:3,createCategoryTest
FNF:1
FNH:1
FNDA:18,createCategoryTest
DA:1,3
DA:3,3
DA:4,18
LF:3
LH:3
BRF:0
BRH:0
end_of_record
TN:
SF:src\module\category\entity\Category.js
FN:2,(anonymous_0)
FNF:1
FNH:1
FNDA:35,(anonymous_0)
DA:8,35
DA:9,35
DA:10,35
DA:11,35
DA:15,3
LF:5
LH:5
BRF:0
BRH:0
end_of_record
TN:
SF:src\module\category\error\CategoryIdNotDefined.js
FNF:0
FNH:0
DA:1,2
LF:1
LH:1
BRF:0
BRH:0
end_of_record
TN:
SF:src\module\category\error\CategoryNotDefinedError.js
FNF:0
FNH:0
DA:1,2
LF:1
LH:1
BRF:0
BRH:0
end_of_record
TN:
SF:src\module\category\error\CategoryNotFoundError.js
FNF:0
FNH:0
DA:1,1
LF:1
LH:1
BRF:0
BRH:0
end_of_record
TN:
SF:src\module\category\mapper\categoryMapper.js
FN:3,fromModelToEntity
FN:17,fromFormToEntity
FNF:2
FNH:1
FNDA:17,fromModelToEntity
FNDA:0,fromFormToEntity
DA:1,1
DA:9,17
DA:23,0
DA:31,1
LF:4
LH:3
BRF:0
BRH:0
end_of_record
TN:
SF:src\module\category\models\categoryModel.js
FN:4,(anonymous_0)
FNF:1
FNH:1
FNDA:20,(anonymous_0)
DA:1,2
DA:5,20
DA:26,20
DA:30,2
LF:4
LH:4
BRF:0
BRH:0
end_of_record
TN:
SF:src\module\category\repository\categoryRepository.js
FN:9,(anonymous_0)
FN:13,(anonymous_1)
FN:26,(anonymous_2)
FN:42,(anonymous_3)
FN:48,(anonymous_4)
FN:62,(anonymous_5)
FNF:6
FNH:6
FNDA:10,(anonymous_0)
FNDA:12,(anonymous_1)
FNDA:2,(anonymous_2)
FNDA:4,(anonymous_3)
FNDA:4,(anonymous_4)
FNDA:3,(anonymous_5)
DA:1,1
DA:2,1
DA:3,1
DA:4,1
DA:5,1
DA:6,1
DA:10,10
DA:14,12
DA:15,1
DA:18,11
DA:21,11
DA:23,11
DA:27,2
DA:29,2
DA:31,0
DA:34,2
DA:40,2
DA:42,4
DA:45,2
DA:49,4
DA:50,1
DA:53,3
DA:54,3
DA:55,1
DA:58,2
DA:63,3
DA:64,1
DA:67,2
DA:71,1
LF:29
LH:28
BRDA:14,0,0,1
BRDA:14,0,1,11
BRDA:26,1,0,1
BRDA:26,2,0,1
BRDA:29,3,0,0
BRDA:29,3,1,2
BRDA:49,4,0,1
BRDA:49,4,1,3
BRDA:54,5,0,1
BRDA:54,5,1,2
BRDA:63,6,0,1
BRDA:63,6,1,2
BRF:12
BRH:11
end_of_record
TN:
SF:src\module\category\service\categoryService.js
FN:6,(anonymous_0)
FN:10,(anonymous_1)
FN:14,(anonymous_2)
FN:22,(anonymous_3)
FN:30,(anonymous_4)
FNF:5
FNH:5
FNDA:1,(anonymous_0)
FNDA:1,(anonymous_1)
FNDA:2,(anonymous_2)
FNDA:2,(anonymous_3)
FNDA:2,(anonymous_4)
DA:1,1
DA:2,1
DA:3,1
DA:7,1
DA:11,1
DA:15,2
DA:16,1
DA:19,1
DA:23,2
DA:24,1
DA:27,1
DA:31,2
DA:32,1
DA:35,1
DA:39,1
LF:15
LH:15
BRDA:15,0,0,1
BRDA:15,0,1,1
BRDA:23,1,0,1
BRDA:23,1,1,1
BRDA:31,2,0,1
BRDA:31,2,1,1
BRF:6
BRH:6
end_of_record
TN:
SF:src\module\product\module.js
FN:7,initProductModule
FNF:1
FNH:1
FNDA:1,initProductModule
DA:1,1
DA:2,1
DA:3,1
DA:4,1
DA:5,1
DA:8,1
DA:9,1
DA:10,1
DA:13,1
LF:9
LH:9
BRF:0
BRH:0
end_of_record
TN:
SF:src\module\product\controller\productController.js
FN:4,(anonymous_0)
FN:8,(anonymous_1)
FN:21,(anonymous_2)
FN:30,(anonymous_3)
FN:44,(anonymous_4)
FN:55,(anonymous_5)
FNF:6
FNH:0
FNDA:0,(anonymous_0)
FNDA:0,(anonymous_1)
FNDA:0,(anonymous_2)
FNDA:0,(anonymous_3)
FNDA:0,(anonymous_4)
FNDA:0,(anonymous_5)
DA:1,1
DA:3,1
DA:5,0
DA:9,0
DA:10,0
DA:11,0
DA:14,0
DA:15,0
DA:17,0
DA:18,0
DA:22,0
DA:23,0
DA:24,0
DA:26,0
DA:31,0
DA:32,0
DA:35,0
DA:36,0
DA:37,0
DA:38,0
DA:40,0
DA:45,0
DA:46,0
DA:47,0
DA:48,0
DA:49,0
DA:51,0
DA:56,0
DA:57,0
DA:60,0
DA:62,0
DA:63,0
DA:64,0
DA:65,0
DA:66,0
DA:68,0
LF:36
LH:2
BRDA:10,0,0,0
BRDA:10,0,1,0
BRDA:10,1,0,0
BRDA:10,1,1,0
BRDA:31,2,0,0
BRDA:31,2,1,0
BRDA:56,3,0,0
BRDA:56,3,1,0
BRF:8
BRH:0
end_of_record
TN:
SF:src\module\product\controller\__test__\product.fixture.js
FN:3,createTestProduct
FNF:1
FNH:1
FNDA:6,createTestProduct
DA:1,1
DA:3,1
DA:4,6
LF:3
LH:3
BRF:0
BRH:0
end_of_record
TN:
SF:src\module\product\entity\Product.js
FN:3,(anonymous_0)
FNF:1
FNH:1
FNDA:23,(anonymous_0)
DA:2,2
DA:19,23
DA:20,23
DA:21,23
DA:22,23
DA:23,23
DA:24,23
DA:25,23
DA:26,23
DA:27,23
DA:28,23
DA:29,23
DA:30,23
LF:13
LH:13
BRF:0
BRH:0
end_of_record
TN:
SF:src\module\product\error\ProductIdNotDefinedError.js
FNF:0
FNH:0
DA:1,2
LF:1
LH:1
BRF:0
BRH:0
end_of_record
TN:
SF:src\module\product\error\ProductNotDefinedError.js
FNF:0
FNH:0
DA:1,2
LF:1
LH:1
BRF:0
BRH:0
end_of_record
TN:
SF:src\module\product\error\ProductNotFoundError.js
FNF:0
FNH:0
DA:1,2
LF:1
LH:1
BRF:0
BRH:0
end_of_record
TN:
SF:src\module\product\mapper\productMapper.js
FN:4,fromModelToEntity
FN:36,fromFormToEntity
FNF:2
FNH:1
FNDA:17,fromModelToEntity
FNDA:0,fromFormToEntity
DA:2,2
DA:18,17
DA:46,0
DA:60,2
LF:4
LH:3
BRF:0
BRH:0
end_of_record
TN:
SF:src\module\product\model\productModel.js
FN:5,(anonymous_0)
FN:53,(anonymous_1)
FNF:2
FNH:2
FNDA:10,(anonymous_0)
FNDA:10,(anonymous_1)
DA:1,2
DA:6,10
DA:50,10
DA:54,10
DA:58,10
DA:60,10
DA:64,10
DA:66,10
DA:82,2
LF:9
LH:9
BRF:0
BRH:0
end_of_record
TN:
SF:src\module\product\repository\productRepository.js
FN:9,(anonymous_0)
FN:15,(anonymous_1)
FN:49,(anonymous_2)
FN:55,(anonymous_3)
FN:73,(anonymous_4)
FN:86,(anonymous_5)
FNF:6
FNH:6
FNDA:10,(anonymous_0)
FNDA:2,(anonymous_1)
FNDA:3,(anonymous_2)
FNDA:4,(anonymous_3)
FNDA:13,(anonymous_4)
FNDA:3,(anonymous_5)
DA:1,2
DA:2,2
DA:3,2
DA:4,2
DA:5,2
DA:6,2
DA:10,10
DA:11,10
DA:12,10
DA:16,2
DA:18,2
DA:20,0
DA:29,2
DA:30,0
DA:33,2
DA:34,0
DA:37,2
DA:47,2
DA:49,3
DA:52,2
DA:56,4
DA:57,1
DA:60,3
DA:66,3
DA:67,1
DA:70,2
DA:74,13
DA:75,1
DA:78,12
DA:81,12
DA:83,12
DA:87,3
DA:88,1
DA:91,2
DA:95,2
LF:35
LH:32
BRDA:15,0,0,0
BRDA:15,1,0,0
BRDA:18,2,0,0
BRDA:18,2,1,2
BRDA:29,3,0,0
BRDA:29,3,1,2
BRDA:33,4,0,0
BRDA:33,4,1,2
BRDA:56,5,0,1
BRDA:56,5,1,3
BRDA:66,6,0,1
BRDA:66,6,1,2
BRDA:74,7,0,1
BRDA:74,7,1,12
BRDA:87,8,0,1
BRDA:87,8,1,2
BRF:16
BRH:11
end_of_record
TN:
SF:src\module\product\route\productRoute.js
FN:8,configureRouter
FNF:1
FNH:0
FNDA:0,configureRouter
DA:1,1
DA:2,1
DA:3,1
DA:4,1
DA:5,1
DA:6,1
DA:9,0
DA:10,0
DA:11,0
DA:20,0
DA:29,0
DA:36,0
DA:39,1
LF:13
LH:7
BRF:0
BRH:0
end_of_record
TN:
SF:src\module\product\service\productService.js
FN:5,(anonymous_0)
FN:9,(anonymous_1)
FN:13,(anonymous_2)
FN:17,(anonymous_3)
FN:24,(anonymous_4)
FNF:5
FNH:0
FNDA:0,(anonymous_0)
FNDA:0,(anonymous_1)
FNDA:0,(anonymous_2)
FNDA:0,(anonymous_3)
FNDA:0,(anonymous_4)
DA:1,1
DA:2,1
DA:6,0
DA:10,0
DA:14,0
DA:18,0
DA:19,0
DA:21,0
DA:25,0
DA:26,0
DA:29,0
DA:33,1
LF:12
LH:3
BRDA:18,0,0,0
BRDA:18,0,1,0
BRDA:25,1,0,0
BRDA:25,1,1,0
BRF:4
BRH:0
end_of_record
TN:
SF:src\module\product\validator\validator.js
FNF:0
FNH:0
DA:1,1
DA:3,1
DA:10,1
LF:3
LH:3
BRF:0
BRH:0
end_of_record
TN:
SF:src\module\user\controller\userController.js
FN:6,(anonymous_0)
FN:10,(anonymous_1)
FN:15,(anonymous_2)
FN:34,(anonymous_3)
FN:60,(anonymous_4)
FNF:5
FNH:2
FNDA:1,(anonymous_0)
FNDA:0,(anonymous_1)
FNDA:2,(anonymous_2)
FNDA:0,(anonymous_3)
FNDA:0,(anonymous_4)
DA:1,1
DA:2,1
DA:3,1
DA:7,1
DA:11,0
DA:12,0
DA:16,2
DA:17,2
DA:18,0
DA:21,2
DA:22,2
DA:23,2
DA:25,2
DA:27,2
DA:29,0
DA:30,0
DA:36,0
DA:37,0
DA:38,0
DA:41,0
DA:42,0
DA:45,0
DA:46,0
DA:47,0
DA:50,0
DA:51,0
DA:53,0
DA:56,0
DA:61,0
DA:65,1
LF:30
LH:12
BRDA:17,0,0,0
BRDA:17,0,1,2
BRDA:37,1,0,0
BRDA:37,1,1,0
BRDA:46,2,0,0
BRDA:46,2,1,0
BRF:6
BRH:1
end_of_record
TN:
SF:src\module\user\controller\__test__\userFixture.js
FN:3,createTestUser
FNF:1
FNH:1
FNDA:7,createTestUser
DA:1,2
DA:3,2
DA:4,7
LF:3
LH:3
BRF:0
BRH:0
end_of_record
TN:
SF:src\module\user\entity\User.js
FN:2,(anonymous_0)
FNF:1
FNH:1
FNDA:14,(anonymous_0)
DA:11,14
DA:12,14
DA:13,14
DA:14,14
DA:15,14
DA:16,14
DA:17,14
DA:21,3
LF:8
LH:8
BRF:0
BRH:0
end_of_record
TN:
SF:src\module\user\error\UserAlreadyExistsError.js
FNF:0
FNH:0
DA:1,1
LF:1
LH:1
BRF:0
BRH:0
end_of_record
TN:
SF:src\module\user\error\UserIdNotDefinedError.js
FNF:0
FNH:0
DA:1,1
LF:1
LH:1
BRF:0
BRH:0
end_of_record
TN:
SF:src\module\user\error\UserNotDefinedError.js
FNF:0
FNH:0
DA:1,2
LF:1
LH:1
BRF:0
BRH:0
end_of_record
TN:
SF:src\module\user\error\UserNotFoundError.js
FNF:0
FNH:0
DA:1,1
LF:1
LH:1
BRF:0
BRH:0
end_of_record
TN:
SF:src\module\user\error\UserWrongCredentialsError.js
FNF:0
FNH:0
DA:1,1
LF:1
LH:1
BRF:0
BRH:0
end_of_record
TN:
SF:src\module\user\mappers\userMapper.js
FN:3,fromModelToEntity
FN:23,fromFormToEntity
FNF:2
FNH:1
FNDA:7,fromModelToEntity
FNDA:0,fromFormToEntity
DA:1,2
DA:12,7
DA:31,0
DA:42,2
LF:4
LH:3
BRF:0
BRH:0
end_of_record
TN:
SF:src\module\user\model\userModel.js
FN:5,(anonymous_0)
FNF:1
FNH:1
FNDA:8,(anonymous_0)
DA:1,1
DA:6,8
DA:41,8
DA:45,1
LF:4
LH:4
BRF:0
BRH:0
end_of_record
TN:
SF:src\module\user\repository\userRepository.js
FN:8,(anonymous_0)
FN:12,(anonymous_1)
FN:25,(anonymous_2)
FN:38,(anonymous_3)
FNF:4
FNH:4
FNDA:8,(anonymous_0)
FNDA:6,(anonymous_1)
FNDA:3,(anonymous_2)
FNDA:2,(anonymous_3)
DA:1,1
DA:2,1
DA:3,1
DA:4,1
DA:5,1
DA:9,8
DA:13,6
DA:14,1
DA:17,5
DA:20,5
DA:22,5
DA:26,3
DA:27,1
DA:30,2
DA:31,2
DA:32,1
DA:35,1
DA:39,2
DA:44,2
DA:45,1
DA:48,1
DA:52,1
LF:22
LH:22
BRDA:13,0,0,1
BRDA:13,0,1,5
BRDA:26,1,0,1
BRDA:26,1,1,2
BRDA:31,2,0,1
BRDA:31,2,1,1
BRDA:44,3,0,1
BRDA:44,3,1,1
BRF:8
BRH:8
end_of_record
TN:
SF:src\module\user\service\userService.js
FN:9,(anonymous_0)
FN:13,(anonymous_1)
FN:19,(anonymous_2)
FN:27,(anonymous_3)
FN:35,(anonymous_4)
FN:39,(anonymous_5)
FNF:6
FNH:4
FNDA:1,(anonymous_0)
FNDA:0,(anonymous_1)
FNDA:0,(anonymous_2)
FNDA:2,(anonymous_3)
FNDA:1,(anonymous_4)
FNDA:2,(anonymous_5)
DA:1,1
DA:2,1
DA:3,1
DA:4,1
DA:6,1
DA:10,1
DA:14,0
DA:15,0
DA:16,0
DA:20,0
DA:21,0
DA:22,0
DA:24,0
DA:28,2
DA:29,1
DA:32,1
DA:36,1
DA:40,2
DA:41,0
DA:45,2
DA:46,2
DA:47,1
DA:51,1
DA:53,1
DA:57,1
LF:25
LH:17
BRDA:21,0,0,0
BRDA:21,0,1,0
BRDA:28,1,0,1
BRDA:28,1,1,1
BRDA:40,2,0,0
BRDA:40,2,1,2
BRDA:46,3,0,1
BRDA:46,3,1,1
BRF:8
BRH:5
end_of_record
TN:
SF:src\utils\genJWT.js
FN:3,genJWT
FNF:1
FNH:1
FNDA:2,genJWT
DA:1,1
DA:4,2
DA:9,2
DA:13,2
DA:16,1
LF:5
LH:5
BRF:0
BRH:0
end_of_record
TN:
SF:src\utils\validationFileHandler.js
FN:4,deleteFile
FN:12,(anonymous_1)
FNF:2
FNH:0
FNDA:0,deleteFile
FNDA:0,(anonymous_1)
DA:1,1
DA:2,1
DA:5,0
DA:6,0
DA:8,0
DA:12,1
DA:13,0
DA:15,0
DA:16,0
DA:19,0
DA:20,0
DA:21,0
DA:24,0
DA:29,1
LF:14
LH:4
BRDA:15,0,0,0
BRDA:15,0,1,0
BRDA:19,1,0,0
BRDA:19,1,1,0
BRF:4
BRH:0
end_of_record
